{"meta": {"format": 3, "version": "7.13.0", "timestamp": "2026-04-09T10:08:35.071995", "branch_coverage": false, "show_contexts": false}, "files": {"app.py": {"executed_lines": [], "summary": {"covered_lines": 0, "num_statements": 53, "percent_covered": 0.0, "percent_covered_display": "0.00", "missing_lines": 53, "excluded_lines": 2, "percent_statements_covered": 0.0, "percent_statements_covered_display": "0.00"}, "missing_lines": [17, 18, 19, 22, 24, 25, 27, 30, 41, 44, 46, 47, 48, 49, 50, 51, 52, 53, 54, 55, 56, 57, 58, 59, 60, 61, 62, 63, 66, 73, 76, 77, 80, 81, 82, 83, 84, 86, 88, 89, 90, 91, 92, 93, 94, 95, 98, 99, 105, 106, 107, 108, 109], "excluded_lines": [112, 113], "functions": {"create_gunicorn_app": {"executed_lines": [], "summary": {"covered_lines": 0, "num_statements": 1, "percent_covered": 0.0, "percent_covered_display": "0.00", "missing_lines": 1, "excluded_lines": 0, "percent_statements_covered": 0.0, "percent_statements_covered_display": "0.00"}, "missing_lines": [41], "excluded_lines": []}, "_print_db_unavailable_warning": {"executed_lines": [], "summary": {"covered_lines": 0, "num_statements": 18, "percent_covered": 0.0, "percent_covered_display": "0.00", "missing_lines": 18, "excluded_lines": 0, "percent_statements_covered": 0.0, "percent_statements_covered_display": "0.00"}, "missing_lines": [46, 47, 48, 49, 50, 51, 52, 53, 54, 55, 56, 57, 58, 59, 60, 61, 62, 63], "excluded_lines": []}, "main": {"executed_lines": [], "summary": {"covered_lines": 0, "num_statements": 24, "percent_covered": 0.0, "percent_covered_display": "0.00", "missing_lines": 24, "excluded_lines": 0, "percent_statements_covered": 0.0, "percent_statements_covered_display": "0.00"}, "missing_lines": [73, 76, 77, 80, 81, 82, 83, 84, 86, 88, 89, 90, 91, 92, 93, 94, 95, 98, 99, 105, 106, 107, 108, 109], "excluded_lines": []}, "": {"executed_lines": [], "summary": {"covered_lines": 0, "num_statements": 10, "percent_covered": 0.0, "percent_covered_display": "0.00", "missing_lines": 10, "excluded_lines": 2, "percent_statements_covered": 0.0, "percent_statements_covered_display": "0.00"}, "missing_lines": [17, 18, 19, 22, 24, 25, 27, 30, 44, 66], "excluded_lines": [112, 113]}}, "classes": {"": {"executed_lines": [], "summary": {"covered_lines": 0, "num_statements": 53, "percent_covered": 0.0, "percent_covered_display": "0.00", "missing_lines": 53, "excluded_lines": 2, "percent_statements_covered": 0.0, "percent_statements_covered_display": "0.00"}, "missing_lines": [17, 18, 19, 22, 24, 25, 27, 30, 41, 44, 46, 47, 48, 49, 50, 51, 52, 53, 54, 55, 56, 57, 58, 59, 60, 61, 62, 63, 66, 73, 76, 77, 80, 81, 82, 83, 84, 86, 88, 89, 90, 91, 92, 93, 94, 95, 98, 99, 105, 106, 107, 108, 109], "excluded_lines": [112, 113]}}}, "install.py": {"executed_lines": [], "summary": {"covered_lines": 0, "num_statements": 208, "percent_covered": 0.0, "percent_covered_display": "0.00", "missing_lines": 208, "excluded_lines": 2, "percent_statements_covered": 0.0, "percent_statements_covered_display": "0.00"}, "missing_lines": [12, 13, 14, 15, 16, 17, 18, 19, 20, 26, 27, 28, 34, 35, 37, 38, 39, 40, 41, 42, 44, 45, 46, 47, 48, 49, 55, 56, 57, 58, 59, 60, 61, 62, 65, 67, 68, 69, 70, 71, 72, 75, 76, 77, 78, 79, 80, 81, 82, 85, 87, 88, 89, 90, 92, 93, 94, 95, 96, 97, 98, 99, 100, 101, 107, 108, 109, 110, 111, 112, 113, 114, 115, 116, 119, 120, 121, 122, 128, 197, 198, 199, 202, 203, 204, 205, 207, 208, 209, 211, 212, 213, 215, 216, 217, 218, 219, 220, 222, 223, 224, 225, 227, 228, 229, 230, 231, 232, 233, 235, 262, 264, 265, 269, 270, 271, 272, 273, 276, 278, 283, 285, 287, 290, 291, 292, 294, 295, 296, 297, 299, 300, 303, 304, 306, 317, 318, 319, 320, 323, 324, 325, 326, 327, 328, 329, 331, 337, 338, 339, 340, 341, 344, 345, 346, 349, 350, 352, 355, 357, 358, 359, 360, 361, 362, 363, 364, 365, 366, 369, 370, 371, 377, 378, 379, 380, 383, 384, 385, 386, 388, 389, 390, 393, 394, 395, 396, 397, 399, 401, 404, 405, 407, 408, 410, 411, 412, 419, 420, 421, 422, 423, 424, 425, 426, 429, 430, 431], "excluded_lines": [434, 435], "functions": {"_ok": {"executed_lines": [], "summary": {"covered_lines": 0, "num_statements": 1, "percent_covered": 0.0, "percent_covered_display": "0.00", "missing_lines": 1, "excluded_lines": 0, "percent_statements_covered": 0.0, "percent_statements_covered_display": "0.00"}, "missing_lines": [44], "excluded_lines": []}, "_warn": {"executed_lines": [], "summary": {"covered_lines": 0, "num_statements": 1, "percent_covered": 0.0, "percent_covered_display": "0.00", "missing_lines": 1, "excluded_lines": 0, "percent_statements_covered": 0.0, "percent_statements_covered_display": "0.00"}, "missing_lines": [45], "excluded_lines": []}, "_fail": {"executed_lines": [], "summary": {"covered_lines": 0, "num_statements": 1, "percent_covered": 0.0, "percent_covered_display": "0.00", "missing_lines": 1, "excluded_lines": 0, "percent_statements_covered": 0.0, "percent_statements_covered_display": "0.00"}, "missing_lines": [46], "excluded_lines": []}, "_info": {"executed_lines": [], "summary": {"covered_lines": 0, "num_statements": 1, "percent_covered": 0.0, "percent_covered_display": "0.00", "missing_lines": 1, "excluded_lines": 0, "percent_statements_covered": 0.0, "percent_statements_covered_display": "0.00"}, "missing_lines": [47], "excluded_lines": []}, "_head": {"executed_lines": [], "summary": {"covered_lines": 0, "num_statements": 1, "percent_covered": 0.0, "percent_covered_display": "0.00", "missing_lines": 1, "excluded_lines": 0, "percent_statements_covered": 0.0, "percent_statements_covered_display": "0.00"}, "missing_lines": [48], "excluded_lines": []}, "_step": {"executed_lines": [], "summary": {"covered_lines": 0, "num_statements": 1, "percent_covered": 0.0, "percent_covered_display": "0.00", "missing_lines": 1, "excluded_lines": 0, "percent_statements_covered": 0.0, "percent_statements_covered_display": "0.00"}, "missing_lines": [49], "excluded_lines": []}, "check_python": {"executed_lines": [], "summary": {"covered_lines": 0, "num_statements": 7, "percent_covered": 0.0, "percent_covered_display": "0.00", "missing_lines": 7, "excluded_lines": 0, "percent_statements_covered": 0.0, "percent_statements_covered_display": "0.00"}, "missing_lines": [56, 57, 58, 59, 60, 61, 62], "excluded_lines": []}, "_run": {"executed_lines": [], "summary": {"covered_lines": 0, "num_statements": 6, "percent_covered": 0.0, "percent_covered_display": "0.00", "missing_lines": 6, "excluded_lines": 0, "percent_statements_covered": 0.0, "percent_statements_covered_display": "0.00"}, "missing_lines": [67, 68, 69, 70, 71, 72], "excluded_lines": []}, "check_docker": {"executed_lines": [], "summary": {"covered_lines": 0, "num_statements": 7, "percent_covered": 0.0, "percent_covered_display": "0.00", "missing_lines": 7, "excluded_lines": 0, "percent_statements_covered": 0.0, "percent_statements_covered_display": "0.00"}, "missing_lines": [76, 77, 78, 79, 80, 81, 82], "excluded_lines": []}, "check_ollama": {"executed_lines": [], "summary": {"covered_lines": 0, "num_statements": 14, "percent_covered": 0.0, "percent_covered_display": "0.00", "missing_lines": 14, "excluded_lines": 0, "percent_statements_covered": 0.0, "percent_statements_covered_display": "0.00"}, "missing_lines": [87, 88, 89, 90, 92, 93, 94, 95, 96, 97, 98, 99, 100, 101], "excluded_lines": []}, "ask": {"executed_lines": [], "summary": {"covered_lines": 0, "num_statements": 9, "percent_covered": 0.0, "percent_covered_display": "0.00", "missing_lines": 9, "excluded_lines": 0, "percent_statements_covered": 0.0, "percent_statements_covered_display": "0.00"}, "missing_lines": [108, 109, 110, 111, 112, 113, 114, 115, 116], "excluded_lines": []}, "ask_bool": {"executed_lines": [], "summary": {"covered_lines": 0, "num_statements": 3, "percent_covered": 0.0, "percent_covered_display": "0.00", "missing_lines": 3, "excluded_lines": 0, "percent_statements_covered": 0.0, "percent_statements_covered_display": "0.00"}, "missing_lines": [120, 121, 122], "excluded_lines": []}, "write_env": {"executed_lines": [], "summary": {"covered_lines": 0, "num_statements": 2, "percent_covered": 0.0, "percent_covered_display": "0.00", "missing_lines": 2, "excluded_lines": 0, "percent_statements_covered": 0.0, "percent_statements_covered_display": "0.00"}, "missing_lines": [198, 199], "excluded_lines": []}, "collect_env": {"executed_lines": [], "summary": {"covered_lines": 0, "num_statements": 27, "percent_covered": 0.0, "percent_covered_display": "0.00", "missing_lines": 27, "excluded_lines": 0, "percent_statements_covered": 0.0, "percent_statements_covered_display": "0.00"}, "missing_lines": [203, 204, 205, 207, 208, 209, 211, 212, 213, 215, 216, 217, 218, 219, 220, 222, 223, 224, 225, 227, 228, 229, 230, 231, 232, 233, 235], "excluded_lines": []}, "_docker": {"executed_lines": [], "summary": {"covered_lines": 0, "num_statements": 7, "percent_covered": 0.0, "percent_covered_display": "0.00", "missing_lines": 7, "excluded_lines": 0, "percent_statements_covered": 0.0, "percent_statements_covered_display": "0.00"}, "missing_lines": [264, 265, 269, 270, 271, 272, 273], "excluded_lines": []}, "start_postgres": {"executed_lines": [], "summary": {"covered_lines": 0, "num_statements": 28, "percent_covered": 0.0, "percent_covered_display": "0.00", "missing_lines": 28, "excluded_lines": 0, "percent_statements_covered": 0.0, "percent_statements_covered_display": "0.00"}, "missing_lines": [278, 283, 285, 287, 290, 291, 292, 294, 295, 296, 297, 299, 300, 303, 304, 306, 317, 318, 319, 320, 323, 324, 325, 326, 327, 328, 329, 331], "excluded_lines": []}, "create_dirs": {"executed_lines": [], "summary": {"covered_lines": 0, "num_statements": 4, "percent_covered": 0.0, "percent_covered_display": "0.00", "missing_lines": 4, "excluded_lines": 0, "percent_statements_covered": 0.0, "percent_statements_covered_display": "0.00"}, "missing_lines": [338, 339, 340, 341], "excluded_lines": []}, "install_deps": {"executed_lines": [], "summary": {"covered_lines": 0, "num_statements": 5, "percent_covered": 0.0, "percent_covered_display": "0.00", "missing_lines": 5, "excluded_lines": 0, "percent_statements_covered": 0.0, "percent_statements_covered_display": "0.00"}, "missing_lines": [345, 346, 349, 350, 352], "excluded_lines": []}, "load_env_file": {"executed_lines": [], "summary": {"covered_lines": 0, "num_statements": 10, "percent_covered": 0.0, "percent_covered_display": "0.00", "missing_lines": 10, "excluded_lines": 0, "percent_statements_covered": 0.0, "percent_statements_covered_display": "0.00"}, "missing_lines": [357, 358, 359, 360, 361, 362, 363, 364, 365, 366], "excluded_lines": []}, "pull_model": {"executed_lines": [], "summary": {"covered_lines": 0, "num_statements": 2, "percent_covered": 0.0, "percent_covered_display": "0.00", "missing_lines": 2, "excluded_lines": 0, "percent_statements_covered": 0.0, "percent_statements_covered_display": "0.00"}, "missing_lines": [370, 371], "excluded_lines": []}, "main": {"executed_lines": [], "summary": {"covered_lines": 0, "num_statements": 35, "percent_covered": 0.0, "percent_covered_display": "0.00", "missing_lines": 35, "excluded_lines": 0, "percent_statements_covered": 0.0, "percent_statements_covered_display": "0.00"}, "missing_lines": [378, 379, 380, 383, 384, 385, 386, 388, 389, 390, 393, 394, 395, 396, 397, 399, 401, 404, 405, 407, 408, 410, 411, 412, 419, 420, 421, 422, 423, 424, 425, 426, 429, 430, 431], "excluded_lines": []}, "": {"executed_lines": [], "summary": {"covered_lines": 0, "num_statements": 36, "percent_covered": 0.0, "percent_covered_display": "0.00", "missing_lines": 36, "excluded_lines": 2, "percent_statements_covered": 0.0, "percent_statements_covered_display": "0.00"}, "missing_lines": [12, 13, 14, 15, 16, 17, 18, 19, 20, 26, 27, 28, 34, 35, 37, 38, 39, 40, 41, 42, 55, 65, 75, 85, 107, 119, 128, 197, 202, 262, 276, 337, 344, 355, 369, 377], "excluded_lines": [434, 435]}}, "classes": {"": {"executed_lines": [], "summary": {"covered_lines": 0, "num_statements": 208, "percent_covered": 0.0, "percent_covered_display": "0.00", "missing_lines": 208, "excluded_lines": 2, "percent_statements_covered": 0.0, "percent_statements_covered_display": "0.00"}, "missing_lines": [12, 13, 14, 15, 16, 17, 18, 19, 20, 26, 27, 28, 34, 35, 37, 38, 39, 40, 41, 42, 44, 45, 46, 47, 48, 49, 55, 56, 57, 58, 59, 60, 61, 62, 65, 67, 68, 69, 70, 71, 72, 75, 76, 77, 78, 79, 80, 81, 82, 85, 87, 88, 89, 90, 92, 93, 94, 95, 96, 97, 98, 99, 100, 101, 107, 108, 109, 110, 111, 112, 113, 114, 115, 116, 119, 120, 121, 122, 128, 197, 198, 199, 202, 203, 204, 205, 207, 208, 209, 211, 212, 213, 215, 216, 217, 218, 219, 220, 222, 223, 224, 225, 227, 228, 229, 230, 231, 232, 233, 235, 262, 264, 265, 269, 270, 271, 272, 273, 276, 278, 283, 285, 287, 290, 291, 292, 294, 295, 296, 297, 299, 300, 303, 304, 306, 317, 318, 319, 320, 323, 324, 325, 326, 327, 328, 329, 331, 337, 338, 339, 340, 341, 344, 345, 346, 349, 350, 352, 355, 357, 358, 359, 360, 361, 362, 363, 364, 365, 366, 369, 370, 371, 377, 378, 379, 380, 383, 384, 385, 386, 388, 389, 390, 393, 394, 395, 396, 397, 399, 401, 404, 405, 407, 408, 410, 411, 412, 419, 420, 421, 422, 423, 424, 425, 426, 429, 430, 431], "excluded_lines": [434, 435]}}}, "mcp_servers\\__init__.py": {"executed_lines": [], "summary": {"covered_lines": 0, "num_statements": 0, "percent_covered": 100.0, "percent_covered_display": "100.00", "missing_lines": 0, "excluded_lines": 0, "percent_statements_covered": 100.0, "percent_statements_covered_display": "100.00"}, "missing_lines": [], "excluded_lines": [], "functions": {"": {"executed_lines": [], "summary": {"covered_lines": 0, "num_statements": 0, "percent_covered": 100.0, "percent_covered_display": "100.00", "missing_lines": 0, "excluded_lines": 0, "percent_statements_covered": 100.0, "percent_statements_covered_display": "100.00"}, "missing_lines": [], "excluded_lines": []}}, "classes": {"": {"executed_lines": [], "summary": {"covered_lines": 0, "num_statements": 0, "percent_covered": 100.0, "percent_covered_display": "100.00", "missing_lines": 0, "excluded_lines": 0, "percent_statements_covered": 100.0, "percent_statements_covered_display": "100.00"}, "missing_lines": [], "excluded_lines": []}}}, "mcp_servers\\base.py": {"executed_lines": [], "summary": {"covered_lines": 0, "num_statements": 50, "percent_covered": 0.0, "percent_covered_display": "0.00", "missing_lines": 50, "excluded_lines": 0, "percent_statements_covered": 0.0, "percent_statements_covered_display": "0.00"}, "missing_lines": [14, 15, 16, 18, 20, 23, 24, 27, 28, 31, 40, 41, 42, 43, 45, 46, 48, 49, 50, 51, 52, 53, 55, 56, 58, 59, 61, 62, 63, 64, 65, 66, 67, 68, 69, 70, 71, 72, 74, 76, 77, 78, 80, 88, 93, 95, 97, 99, 101, 102], "excluded_lines": [], "functions": {"_rpc_ok": {"executed_lines": [], "summary": {"covered_lines": 0, "num_statements": 1, "percent_covered": 0.0, "percent_covered_display": "0.00", "missing_lines": 1, "excluded_lines": 0, "percent_statements_covered": 0.0, "percent_statements_covered_display": "0.00"}, "missing_lines": [24], "excluded_lines": []}, "_rpc_error": {"executed_lines": [], "summary": {"covered_lines": 0, "num_statements": 1, "percent_covered": 0.0, "percent_covered_display": "0.00", "missing_lines": 1, "excluded_lines": 0, "percent_statements_covered": 0.0, "percent_statements_covered_display": "0.00"}, "missing_lines": [28], "excluded_lines": []}, "MCPServer.__init__": {"executed_lines": [], "summary": {"covered_lines": 0, "num_statements": 9, "percent_covered": 0.0, "percent_covered_display": "0.00", "missing_lines": 9, "excluded_lines": 0, "percent_statements_covered": 0.0, "percent_statements_covered_display": "0.00"}, "missing_lines": [41, 42, 43, 45, 46, 48, 49, 76, 77], "excluded_lines": []}, "MCPServer.__init__.handle_rpc": {"executed_lines": [], "summary": {"covered_lines": 0, "num_statements": 21, "percent_covered": 0.0, "percent_covered_display": "0.00", "missing_lines": 21, "excluded_lines": 0, "percent_statements_covered": 0.0, "percent_statements_covered_display": "0.00"}, "missing_lines": [50, 51, 52, 53, 55, 56, 58, 59, 61, 62, 63, 64, 65, 66, 67, 68, 69, 70, 71, 72, 74], "excluded_lines": []}, "MCPServer.__init__.health": {"executed_lines": [], "summary": {"covered_lines": 0, "num_statements": 1, "percent_covered": 0.0, "percent_covered_display": "0.00", "missing_lines": 1, "excluded_lines": 0, "percent_statements_covered": 0.0, "percent_statements_covered_display": "0.00"}, "missing_lines": [78], "excluded_lines": []}, "MCPServer.register_tool": {"executed_lines": [], "summary": {"covered_lines": 0, "num_statements": 2, "percent_covered": 0.0, "percent_covered_display": "0.00", "missing_lines": 2, "excluded_lines": 0, "percent_statements_covered": 0.0, "percent_statements_covered_display": "0.00"}, "missing_lines": [88, 93], "excluded_lines": []}, "MCPServer.get_wsgi_app": {"executed_lines": [], "summary": {"covered_lines": 0, "num_statements": 1, "percent_covered": 0.0, "percent_covered_display": "0.00", "missing_lines": 1, "excluded_lines": 0, "percent_statements_covered": 0.0, "percent_statements_covered_display": "0.00"}, "missing_lines": [97], "excluded_lines": []}, "MCPServer.run": {"executed_lines": [], "summary": {"covered_lines": 0, "num_statements": 2, "percent_covered": 0.0, "percent_covered_display": "0.00", "missing_lines": 2, "excluded_lines": 0, "percent_statements_covered": 0.0, "percent_statements_covered_display": "0.00"}, "missing_lines": [101, 102], "excluded_lines": []}, "": {"executed_lines": [], "summary": {"covered_lines": 0, "num_statements": 12, "percent_covered": 0.0, "percent_covered_display": "0.00", "missing_lines": 12, "excluded_lines": 0, "percent_statements_covered": 0.0, "percent_statements_covered_display": "0.00"}, "missing_lines": [14, 15, 16, 18, 20, 23, 27, 31, 40, 80, 95, 99], "excluded_lines": []}}, "classes": {"MCPServer": {"executed_lines": [], "summary": {"covered_lines": 0, "num_statements": 36, "percent_covered": 0.0, "percent_covered_display": "0.00", "missing_lines": 36, "excluded_lines": 0, "percent_statements_covered": 0.0, "percent_statements_covered_display": "0.00"}, "missing_lines": [41, 42, 43, 45, 46, 48, 49, 50, 51, 52, 53, 55, 56, 58, 59, 61, 62, 63, 64, 65, 66, 67, 68, 69, 70, 71, 72, 74, 76, 77, 78, 88, 93, 97, 101, 102], "excluded_lines": []}, "": {"executed_lines": [], "summary": {"covered_lines": 0, "num_statements": 14, "percent_covered": 0.0, "percent_covered_display": "0.00", "missing_lines": 14, "excluded_lines": 0, "percent_statements_covered": 0.0, "percent_statements_covered_display": "0.00"}, "missing_lines": [14, 15, 16, 18, 20, 23, 24, 27, 28, 31, 40, 80, 95, 99], "excluded_lines": []}}}, "mcp_servers\\cloud_connectors\\__init__.py": {"executed_lines": [], "summary": {"covered_lines": 0, "num_statements": 0, "percent_covered": 100.0, "percent_covered_display": "100.00", "missing_lines": 0, "excluded_lines": 0, "percent_statements_covered": 100.0, "percent_statements_covered_display": "100.00"}, "missing_lines": [], "excluded_lines": [], "functions": {"": {"executed_lines": [], "summary": {"covered_lines": 0, "num_statements": 0, "percent_covered": 100.0, "percent_covered_display": "100.00", "missing_lines": 0, "excluded_lines": 0, "percent_statements_covered": 100.0, "percent_statements_covered_display": "100.00"}, "missing_lines": [], "excluded_lines": []}}, "classes": {"": {"executed_lines": [], "summary": {"covered_lines": 0, "num_statements": 0, "percent_covered": 100.0, "percent_covered_display": "100.00", "missing_lines": 0, "excluded_lines": 0, "percent_statements_covered": 100.0, "percent_statements_covered_display": "100.00"}, "missing_lines": [], "excluded_lines": []}}}, "mcp_servers\\cloud_connectors\\server.py": {"executed_lines": [], "summary": {"covered_lines": 0, "num_statements": 21, "percent_covered": 0.0, "percent_covered_display": "0.00", "missing_lines": 21, "excluded_lines": 2, "percent_statements_covered": 0.0, "percent_statements_covered_display": "0.00"}, "missing_lines": [24, 25, 27, 29, 31, 35, 51, 53, 54, 57, 59, 66, 81, 88, 95, 96, 97, 98, 99, 100, 101], "excluded_lines": [104, 105], "functions": {"search": {"executed_lines": [], "summary": {"covered_lines": 0, "num_statements": 2, "percent_covered": 0.0, "percent_covered_display": "0.00", "missing_lines": 2, "excluded_lines": 0, "percent_statements_covered": 0.0, "percent_statements_covered_display": "0.00"}, "missing_lines": [53, 54], "excluded_lines": []}, "list_sources": {"executed_lines": [], "summary": {"covered_lines": 0, "num_statements": 1, "percent_covered": 0.0, "percent_covered_display": "0.00", "missing_lines": 1, "excluded_lines": 0, "percent_statements_covered": 0.0, "percent_statements_covered_display": "0.00"}, "missing_lines": [59], "excluded_lines": []}, "_main": {"executed_lines": [], "summary": {"covered_lines": 0, "num_statements": 6, "percent_covered": 0.0, "percent_covered_display": "0.00", "missing_lines": 6, "excluded_lines": 0, "percent_statements_covered": 0.0, "percent_statements_covered_display": "0.00"}, "missing_lines": [96, 97, 98, 99, 100, 101], "excluded_lines": []}, "": {"executed_lines": [], "summary": {"covered_lines": 0, "num_statements": 12, "percent_covered": 0.0, "percent_covered_display": "0.00", "missing_lines": 12, "excluded_lines": 2, "percent_statements_covered": 0.0, "percent_statements_covered_display": "0.00"}, "missing_lines": [24, 25, 27, 29, 31, 35, 51, 57, 66, 81, 88, 95], "excluded_lines": [104, 105]}}, "classes": {"": {"executed_lines": [], "summary": {"covered_lines": 0, "num_statements": 21, "percent_covered": 0.0, "percent_covered_display": "0.00", "missing_lines": 21, "excluded_lines": 2, "percent_statements_covered": 0.0, "percent_statements_covered_display": "0.00"}, "missing_lines": [24, 25, 27, 29, 31, 35, 51, 53, 54, 57, 59, 66, 81, 88, 95, 96, 97, 98, 99, 100, 101], "excluded_lines": [104, 105]}}}, "mcp_servers\\local_docs\\__init__.py": {"executed_lines": [], "summary": {"covered_lines": 0, "num_statements": 0, "percent_covered": 100.0, "percent_covered_display": "100.00", "missing_lines": 0, "excluded_lines": 0, "percent_statements_covered": 100.0, "percent_statements_covered_display": "100.00"}, "missing_lines": [], "excluded_lines": [], "functions": {"": {"executed_lines": [], "summary": {"covered_lines": 0, "num_statements": 0, "percent_covered": 100.0, "percent_covered_display": "100.00", "missing_lines": 0, "excluded_lines": 0, "percent_statements_covered": 100.0, "percent_statements_covered_display": "100.00"}, "missing_lines": [], "excluded_lines": []}}, "classes": {"": {"executed_lines": [], "summary": {"covered_lines": 0, "num_statements": 0, "percent_covered": 100.0, "percent_covered_display": "100.00", "missing_lines": 0, "excluded_lines": 0, "percent_statements_covered": 100.0, "percent_statements_covered_display": "100.00"}, "missing_lines": [], "excluded_lines": []}}}, "mcp_servers\\local_docs\\server.py": {"executed_lines": [], "summary": {"covered_lines": 0, "num_statements": 34, "percent_covered": 0.0, "percent_covered_display": "0.00", "missing_lines": 34, "excluded_lines": 2, "percent_statements_covered": 0.0, "percent_statements_covered_display": "0.00"}, "missing_lines": [20, 21, 23, 25, 32, 35, 37, 38, 39, 46, 53, 54, 55, 56, 57, 59, 60, 62, 63, 74, 77, 79, 80, 81, 96, 114, 122, 129, 130, 131, 132, 133, 134, 135], "excluded_lines": [138, 139], "functions": {"_get_services": {"executed_lines": [], "summary": {"covered_lines": 0, "num_statements": 3, "percent_covered": 0.0, "percent_covered_display": "0.00", "missing_lines": 3, "excluded_lines": 0, "percent_statements_covered": 0.0, "percent_statements_covered_display": "0.00"}, "missing_lines": [37, 38, 39], "excluded_lines": []}, "search": {"executed_lines": [], "summary": {"covered_lines": 0, "num_statements": 10, "percent_covered": 0.0, "percent_covered_display": "0.00", "missing_lines": 10, "excluded_lines": 0, "percent_statements_covered": 0.0, "percent_statements_covered_display": "0.00"}, "missing_lines": [53, 54, 55, 56, 57, 59, 60, 62, 63, 74], "excluded_lines": []}, "list_sources": {"executed_lines": [], "summary": {"covered_lines": 0, "num_statements": 3, "percent_covered": 0.0, "percent_covered_display": "0.00", "missing_lines": 3, "excluded_lines": 0, "percent_statements_covered": 0.0, "percent_statements_covered_display": "0.00"}, "missing_lines": [79, 80, 81], "excluded_lines": []}, "_main": {"executed_lines": [], "summary": {"covered_lines": 0, "num_statements": 6, "percent_covered": 0.0, "percent_covered_display": "0.00", "missing_lines": 6, "excluded_lines": 0, "percent_statements_covered": 0.0, "percent_statements_covered_display": "0.00"}, "missing_lines": [130, 131, 132, 133, 134, 135], "excluded_lines": []}, "": {"executed_lines": [], "summary": {"covered_lines": 0, "num_statements": 12, "percent_covered": 0.0, "percent_covered_display": "0.00", "missing_lines": 12, "excluded_lines": 2, "percent_statements_covered": 0.0, "percent_statements_covered_display": "0.00"}, "missing_lines": [20, 21, 23, 25, 32, 35, 46, 77, 96, 114, 122, 129], "excluded_lines": [138, 139]}}, "classes": {"": {"executed_lines": [], "summary": {"covered_lines": 0, "num_statements": 34, "percent_covered": 0.0, "percent_covered_display": "0.00", "missing_lines": 34, "excluded_lines": 2, "percent_statements_covered": 0.0, "percent_statements_covered_display": "0.00"}, "missing_lines": [20, 21, 23, 25, 32, 35, 37, 38, 39, 46, 53, 54, 55, 56, 57, 59, 60, 62, 63, 74, 77, 79, 80, 81, 96, 114, 122, 129, 130, 131, 132, 133, 134, 135], "excluded_lines": [138, 139]}}}, "mcp_servers\\web_search\\__init__.py": {"executed_lines": [], "summary": {"covered_lines": 0, "num_statements": 0, "percent_covered": 100.0, "percent_covered_display": "100.00", "missing_lines": 0, "excluded_lines": 0, "percent_statements_covered": 100.0, "percent_statements_covered_display": "100.00"}, "missing_lines": [], "excluded_lines": [], "functions": {"": {"executed_lines": [], "summary": {"covered_lines": 0, "num_statements": 0, "percent_covered": 100.0, "percent_covered_display": "100.00", "missing_lines": 0, "excluded_lines": 0, "percent_statements_covered": 100.0, "percent_statements_covered_display": "100.00"}, "missing_lines": [], "excluded_lines": []}}, "classes": {"": {"executed_lines": [], "summary": {"covered_lines": 0, "num_statements": 0, "percent_covered": 100.0, "percent_covered_display": "100.00", "missing_lines": 0, "excluded_lines": 0, "percent_statements_covered": 100.0, "percent_statements_covered_display": "100.00"}, "missing_lines": [], "excluded_lines": []}}}, "mcp_servers\\web_search\\server.py": {"executed_lines": [], "summary": {"covered_lines": 0, "num_statements": 24, "percent_covered": 0.0, "percent_covered_display": "0.00", "missing_lines": 24, "excluded_lines": 2, "percent_statements_covered": 0.0, "percent_statements_covered_display": "0.00"}, "missing_lines": [20, 21, 23, 25, 27, 34, 41, 43, 44, 45, 46, 47, 57, 59, 73, 90, 97, 104, 105, 106, 107, 108, 109, 110], "excluded_lines": [113, 114], "functions": {"search": {"executed_lines": [], "summary": {"covered_lines": 0, "num_statements": 6, "percent_covered": 0.0, "percent_covered_display": "0.00", "missing_lines": 6, "excluded_lines": 0, "percent_statements_covered": 0.0, "percent_statements_covered_display": "0.00"}, "missing_lines": [41, 43, 44, 45, 46, 47], "excluded_lines": []}, "list_sources": {"executed_lines": [], "summary": {"covered_lines": 0, "num_statements": 1, "percent_covered": 0.0, "percent_covered_display": "0.00", "missing_lines": 1, "excluded_lines": 0, "percent_statements_covered": 0.0, "percent_statements_covered_display": "0.00"}, "missing_lines": [59], "excluded_lines": []}, "_main": {"executed_lines": [], "summary": {"covered_lines": 0, "num_statements": 6, "percent_covered": 0.0, "percent_covered_display": "0.00", "missing_lines": 6, "excluded_lines": 0, "percent_statements_covered": 0.0, "percent_statements_covered_display": "0.00"}, "missing_lines": [105, 106, 107, 108, 109, 110], "excluded_lines": []}, "": {"executed_lines": [], "summary": {"covered_lines": 0, "num_statements": 11, "percent_covered": 0.0, "percent_covered_display": "0.00", "missing_lines": 11, "excluded_lines": 2, "percent_statements_covered": 0.0, "percent_statements_covered_display": "0.00"}, "missing_lines": [20, 21, 23, 25, 27, 34, 57, 73, 90, 97, 104], "excluded_lines": [113, 114]}}, "classes": {"": {"executed_lines": [], "summary": {"covered_lines": 0, "num_statements": 24, "percent_covered": 0.0, "percent_covered_display": "0.00", "missing_lines": 24, "excluded_lines": 2, "percent_statements_covered": 0.0, "percent_statements_covered_display": "0.00"}, "missing_lines": [20, 21, 23, 25, 27, 34, 41, 43, 44, 45, 46, 47, 57, 59, 73, 90, 97, 104, 105, 106, 107, 108, 109, 110], "excluded_lines": [113, 114]}}}, "plugins\\example_plugin.py": {"executed_lines": [1, 18, 24, 36, 53, 64, 78], "summary": {"covered_lines": 6, "num_statements": 10, "percent_covered": 60.0, "percent_covered_display": "60.00", "missing_lines": 4, "excluded_lines": 0, "percent_statements_covered": 60.0, "percent_statements_covered_display": "60.00"}, "missing_lines": [55, 56, 57, 80], "excluded_lines": [], "functions": {"word_count": {"executed_lines": [], "summary": {"covered_lines": 0, "num_statements": 3, "percent_covered": 0.0, "percent_covered_display": "0.00", "missing_lines": 3, "excluded_lines": 0, "percent_statements_covered": 0.0, "percent_statements_covered_display": "0.00"}, "missing_lines": [55, 56, 57], "excluded_lines": []}, "reverse_text": {"executed_lines": [], "summary": {"covered_lines": 0, "num_statements": 1, "percent_covered": 0.0, "percent_covered_display": "0.00", "missing_lines": 1, "excluded_lines": 0, "percent_statements_covered": 0.0, "percent_statements_covered_display": "0.00"}, "missing_lines": [80], "excluded_lines": []}, "": {"executed_lines": [1, 18, 24, 36, 53, 64, 78], "summary": {"covered_lines": 6, "num_statements": 6, "percent_covered": 100.0, "percent_covered_display": "100.00", "missing_lines": 0, "excluded_lines": 0, "percent_statements_covered": 100.0, "percent_statements_covered_display": "100.00"}, "missing_lines": [], "excluded_lines": []}}, "classes": {"": {"executed_lines": [1, 18, 24, 36, 53, 64, 78], "summary": {"covered_lines": 6, "num_statements": 10, "percent_covered": 60.0, "percent_covered_display": "60.00", "missing_lines": 4, "excluded_lines": 0, "percent_statements_covered": 60.0, "percent_statements_covered_display": "60.00"}, "missing_lines": [55, 56, 57, 80], "excluded_lines": []}}}, "src\\__init__.py": {"executed_lines": [1, 21, 22, 28, 29, 34, 35, 39], "summary": {"covered_lines": 7, "num_statements": 8, "percent_covered": 87.5, "percent_covered_display": "87.50", "missing_lines": 1, "excluded_lines": 0, "percent_statements_covered": 87.5, "percent_statements_covered_display": "87.50"}, "missing_lines": [41], "excluded_lines": [], "functions": {"": {"executed_lines": [1, 21, 22, 28, 29, 34, 35, 39], "summary": {"covered_lines": 7, "num_statements": 8, "percent_covered": 87.5, "percent_covered_display": "87.50", "missing_lines": 1, "excluded_lines": 0, "percent_statements_covered": 87.5, "percent_statements_covered_display": "87.50"}, "missing_lines": [41], "excluded_lines": []}}, "classes": {"": {"executed_lines": [1, 21, 22, 28, 29, 34, 35, 39], "summary": {"covered_lines": 7, "num_statements": 8, "percent_covered": 87.5, "percent_covered_display": "87.50", "missing_lines": 1, "excluded_lines": 0, "percent_statements_covered": 87.5, "percent_statements_covered_display": "87.50"}, "missing_lines": [41], "excluded_lines": []}}}, "src\\agent\\__init__.py": {"executed_lines": [1, 3, 4, 5, 7], "summary": {"covered_lines": 4, "num_statements": 4, "percent_covered": 100.0, "percent_covered_display": "100.00", "missing_lines": 0, "excluded_lines": 0, "percent_statements_covered": 100.0, "percent_statements_covered_display": "100.00"}, "missing_lines": [], "excluded_lines": [], "functions": {"": {"executed_lines": [1, 3, 4, 5, 7], "summary": {"covered_lines": 4, "num_statements": 4, "percent_covered": 100.0, "percent_covered_display": "100.00", "missing_lines": 0, "excluded_lines": 0, "percent_statements_covered": 100.0, "percent_statements_covered_display": "100.00"}, "missing_lines": [], "excluded_lines": []}}, "classes": {"": {"executed_lines": [1, 3, 4, 5, 7], "summary": {"covered_lines": 4, "num_statements": 4, "percent_covered": 100.0, "percent_covered_display": "100.00", "missing_lines": 0, "excluded_lines": 0, "percent_statements_covered": 100.0, "percent_statements_covered_display": "100.00"}, "missing_lines": [], "excluded_lines": []}}}, "src\\agent\\aggregator.py": {"executed_lines": [1, 36, 38, 39, 40, 42, 43, 44, 46, 49, 52, 55, 58, 59, 66, 67, 73, 99, 100, 101, 103, 104, 109, 110, 111, 112, 114, 115, 120, 121, 127, 128, 129, 130, 131, 132, 133, 134, 135, 136, 140, 144, 145, 149, 150, 151, 153, 158, 159, 161, 162, 164, 172, 176, 182, 183, 188, 189, 190, 191, 192, 194, 195, 200, 201, 202, 204, 218, 219, 220, 221, 222, 223, 224, 225, 226, 227, 230, 232, 233, 239, 240, 241, 242, 243, 244, 245, 246, 247], "summary": {"covered_lines": 86, "num_statements": 86, "percent_covered": 100.0, "percent_covered_display": "100.00", "missing_lines": 0, "excluded_lines": 2, "percent_statements_covered": 100.0, "percent_statements_covered_display": "100.00"}, "missing_lines": [], "excluded_lines": [46, 47], "functions": {"AggregatorAgent.__init__": {"executed_lines": [67], "summary": {"covered_lines": 1, "num_statements": 1, "percent_covered": 100.0, "percent_covered_display": "100.00", "missing_lines": 0, "excluded_lines": 0, "percent_statements_covered": 100.0, "percent_statements_covered_display": "100.00"}, "missing_lines": [], "excluded_lines": []}, "AggregatorAgent.run": {"executed_lines": [99, 100, 101, 103, 104, 109, 110, 111, 112, 114, 115, 120, 121, 127, 128, 129, 130, 131, 132, 133, 134, 135, 136, 140, 144, 145, 149, 150, 151, 153, 158, 159, 161, 162, 164, 172, 176], "summary": {"covered_lines": 37, "num_statements": 37, "percent_covered": 100.0, "percent_covered_display": "100.00", "missing_lines": 0, "excluded_lines": 0, "percent_statements_covered": 100.0, "percent_statements_covered_display": "100.00"}, "missing_lines": [], "excluded_lines": []}, "AggregatorAgent._resolve_tools": {"executed_lines": [188, 189, 190, 191, 192], "summary": {"covered_lines": 5, "num_statements": 5, "percent_covered": 100.0, "percent_covered_display": "100.00", "missing_lines": 0, "excluded_lines": 0, "percent_statements_covered": 100.0, "percent_statements_covered_display": "100.00"}, "missing_lines": [], "excluded_lines": []}, "AggregatorAgent._resolve_queries": {"executed_lines": [200, 201, 202], "summary": {"covered_lines": 3, "num_statements": 3, "percent_covered": 100.0, "percent_covered_display": "100.00", "missing_lines": 0, "excluded_lines": 0, "percent_statements_covered": 100.0, "percent_statements_covered_display": "100.00"}, "missing_lines": [], "excluded_lines": []}, "AggregatorAgent._dispatch_with_retry": {"executed_lines": [218, 219, 220, 221, 222, 223, 224, 225, 226, 227, 230], "summary": {"covered_lines": 11, "num_statements": 11, "percent_covered": 100.0, "percent_covered_display": "100.00", "missing_lines": 0, "excluded_lines": 0, "percent_statements_covered": 100.0, "percent_statements_covered_display": "100.00"}, "missing_lines": [], "excluded_lines": []}, "AggregatorAgent._dedup_sources": {"executed_lines": [239, 240, 241, 242, 243, 244, 245, 246, 247], "summary": {"covered_lines": 9, "num_statements": 9, "percent_covered": 100.0, "percent_covered_display": "100.00", "missing_lines": 0, "excluded_lines": 0, "percent_statements_covered": 100.0, "percent_statements_covered_display": "100.00"}, "missing_lines": [], "excluded_lines": []}, "": {"executed_lines": [1, 36, 38, 39, 40, 42, 43, 44, 46, 49, 52, 55, 58, 59, 66, 73, 182, 183, 194, 195, 204, 232, 233], "summary": {"covered_lines": 20, "num_statements": 20, "percent_covered": 100.0, "percent_covered_display": "100.00", "missing_lines": 0, "excluded_lines": 2, "percent_statements_covered": 100.0, "percent_statements_covered_display": "100.00"}, "missing_lines": [], "excluded_lines": [46, 47]}}, "classes": {"AggregatorAgent": {"executed_lines": [67, 99, 100, 101, 103, 104, 109, 110, 111, 112, 114, 115, 120, 121, 127, 128, 129, 130, 131, 132, 133, 134, 135, 136, 140, 144, 145, 149, 150, 151, 153, 158, 159, 161, 162, 164, 172, 176, 188, 189, 190, 191, 192, 200, 201, 202, 218, 219, 220, 221, 222, 223, 224, 225, 226, 227, 230, 239, 240, 241, 242, 243, 244, 245, 246, 247], "summary": {"covered_lines": 66, "num_statements": 66, "percent_covered": 100.0, "percent_covered_display": "100.00", "missing_lines": 0, "excluded_lines": 0, "percent_statements_covered": 100.0, "percent_statements_covered_display": "100.00"}, "missing_lines": [], "excluded_lines": []}, "": {"executed_lines": [1, 36, 38, 39, 40, 42, 43, 44, 46, 49, 52, 55, 58, 59, 66, 73, 182, 183, 194, 195, 204, 232, 233], "summary": {"covered_lines": 20, "num_statements": 20, "percent_covered": 100.0, "percent_covered_display": "100.00", "missing_lines": 0, "excluded_lines": 2, "percent_statements_covered": 100.0, "percent_statements_covered_display": "100.00"}, "missing_lines": [], "excluded_lines": [46, 47]}}}, "src\\agent\\models.py": {"executed_lines": [1, 20, 22, 23, 24, 27, 28, 30, 31, 32, 33, 34, 37, 38, 39, 47, 48, 49, 50, 53, 54, 62, 70, 78, 79, 80, 81, 82, 83, 90, 97, 98, 99, 100, 107, 109, 111, 113, 124], "summary": {"covered_lines": 35, "num_statements": 35, "percent_covered": 100.0, "percent_covered_display": "100.00", "missing_lines": 0, "excluded_lines": 0, "percent_statements_covered": 100.0, "percent_statements_covered_display": "100.00"}, "missing_lines": [], "excluded_lines": [], "functions": {"ModelRegistry.__init__": {"executed_lines": [79, 80, 81, 82, 83], "summary": {"covered_lines": 5, "num_statements": 5, "percent_covered": 100.0, "percent_covered_display": "100.00", "missing_lines": 0, "excluded_lines": 0, "percent_statements_covered": 100.0, "percent_statements_covered_display": "100.00"}, "missing_lines": [], "excluded_lines": []}, "ModelRegistry.get": {"executed_lines": [97, 98, 99, 100], "summary": {"covered_lines": 4, "num_statements": 4, "percent_covered": 100.0, "percent_covered_display": "100.00", "missing_lines": 0, "excluded_lines": 0, "percent_statements_covered": 100.0, "percent_statements_covered_display": "100.00"}, "missing_lines": [], "excluded_lines": []}, "ModelRegistry.resolve": {"executed_lines": [109], "summary": {"covered_lines": 1, "num_statements": 1, "percent_covered": 100.0, "percent_covered_display": "100.00", "missing_lines": 0, "excluded_lines": 0, "percent_statements_covered": 100.0, "percent_statements_covered_display": "100.00"}, "missing_lines": [], "excluded_lines": []}, "ModelRegistry.summary": {"executed_lines": [113], "summary": {"covered_lines": 1, "num_statements": 1, "percent_covered": 100.0, "percent_covered_display": "100.00", "missing_lines": 0, "excluded_lines": 0, "percent_statements_covered": 100.0, "percent_statements_covered_display": "100.00"}, "missing_lines": [], "excluded_lines": []}, "": {"executed_lines": [1, 20, 22, 23, 24, 27, 28, 30, 31, 32, 33, 34, 37, 38, 39, 47, 48, 49, 50, 53, 54, 62, 70, 78, 90, 107, 111, 124], "summary": {"covered_lines": 24, "num_statements": 24, "percent_covered": 100.0, "percent_covered_display": "100.00", "missing_lines": 0, "excluded_lines": 0, "percent_statements_covered": 100.0, "percent_statements_covered_display": "100.00"}, "missing_lines": [], "excluded_lines": []}}, "classes": {"ModelClass": {"executed_lines": [], "summary": {"covered_lines": 0, "num_statements": 0, "percent_covered": 100.0, "percent_covered_display": "100.00", "missing_lines": 0, "excluded_lines": 0, "percent_statements_covered": 100.0, "percent_statements_covered_display": "100.00"}, "missing_lines": [], "excluded_lines": []}, "ModelConfig": {"executed_lines": [], "summary": {"covered_lines": 0, "num_statements": 0, "percent_covered": 100.0, "percent_covered_display": "100.00", "missing_lines": 0, "excluded_lines": 0, "percent_statements_covered": 100.0, "percent_statements_covered_display": "100.00"}, "missing_lines": [], "excluded_lines": []}, "ModelRegistry": {"executed_lines": [79, 80, 81, 82, 83, 97, 98, 99, 100, 109, 113], "summary": {"covered_lines": 11, "num_statements": 11, "percent_covered": 100.0, "percent_covered_display": "100.00", "missing_lines": 0, "excluded_lines": 0, "percent_statements_covered": 100.0, "percent_statements_covered_display": "100.00"}, "missing_lines": [], "excluded_lines": []}, "": {"executed_lines": [1, 20, 22, 23, 24, 27, 28, 30, 31, 32, 33, 34, 37, 38, 39, 47, 48, 49, 50, 53, 54, 62, 70, 78, 90, 107, 111, 124], "summary": {"covered_lines": 24, "num_statements": 24, "percent_covered": 100.0, "percent_covered_display": "100.00", "missing_lines": 0, "excluded_lines": 0, "percent_statements_covered": 100.0, "percent_statements_covered_display": "100.00"}, "missing_lines": [], "excluded_lines": []}}}, "src\\agent\\result.py": {"executed_lines": [1, 10, 12, 15, 16, 17, 19, 20, 21, 22, 23, 24, 26, 28, 38, 39, 40, 57, 58, 59, 60, 61, 62, 63, 65, 67], "summary": {"covered_lines": 23, "num_statements": 23, "percent_covered": 100.0, "percent_covered_display": "100.00", "missing_lines": 0, "excluded_lines": 0, "percent_statements_covered": 100.0, "percent_statements_covered_display": "100.00"}, "missing_lines": [], "excluded_lines": [], "functions": {"ToolCall.to_dict": {"executed_lines": [28], "summary": {"covered_lines": 1, "num_statements": 1, "percent_covered": 100.0, "percent_covered_display": "100.00", "missing_lines": 0, "excluded_lines": 0, "percent_statements_covered": 100.0, "percent_statements_covered_display": "100.00"}, "missing_lines": [], "excluded_lines": []}, "AgentResult.to_trace_dict": {"executed_lines": [67], "summary": {"covered_lines": 1, "num_statements": 1, "percent_covered": 100.0, "percent_covered_display": "100.00", "missing_lines": 0, "excluded_lines": 0, "percent_statements_covered": 100.0, "percent_statements_covered_display": "100.00"}, "missing_lines": [], "excluded_lines": []}, "": {"executed_lines": [1, 10, 12, 15, 16, 17, 19, 20, 21, 22, 23, 24, 26, 38, 39, 40, 57, 58, 59, 60, 61, 62, 63, 65], "summary": {"covered_lines": 21, "num_statements": 21, "percent_covered": 100.0, "percent_covered_display": "100.00", "missing_lines": 0, "excluded_lines": 0, "percent_statements_covered": 100.0, "percent_statements_covered_display": "100.00"}, "missing_lines": [], "excluded_lines": []}}, "classes": {"ToolCall": {"executed_lines": [28], "summary": {"covered_lines": 1, "num_statements": 1, "percent_covered": 100.0, "percent_covered_display": "100.00", "missing_lines": 0, "excluded_lines": 0, "percent_statements_covered": 100.0, "percent_statements_covered_display": "100.00"}, "missing_lines": [], "excluded_lines": []}, "AgentResult": {"executed_lines": [67], "summary": {"covered_lines": 1, "num_statements": 1, "percent_covered": 100.0, "percent_covered_display": "100.00", "missing_lines": 0, "excluded_lines": 0, "percent_statements_covered": 100.0, "percent_statements_covered_display": "100.00"}, "missing_lines": [], "excluded_lines": []}, "": {"executed_lines": [1, 10, 12, 15, 16, 17, 19, 20, 21, 22, 23, 24, 26, 38, 39, 40, 57, 58, 59, 60, 61, 62, 63, 65], "summary": {"covered_lines": 21, "num_statements": 21, "percent_covered": 100.0, "percent_covered_display": "100.00", "missing_lines": 0, "excluded_lines": 0, "percent_statements_covered": 100.0, "percent_statements_covered_display": "100.00"}, "missing_lines": [], "excluded_lines": []}}}, "src\\agent\\router.py": {"executed_lines": [1, 21, 23, 24, 26, 27, 29, 32, 39, 42, 48, 60, 67, 74, 75, 82, 83, 85, 105, 106, 108, 109, 114, 118, 124, 132, 135, 136, 137, 138, 141, 142, 143, 144, 147, 148, 154, 155, 158, 160, 161, 163, 164, 165, 166, 168, 169, 170], "summary": {"covered_lines": 45, "num_statements": 45, "percent_covered": 100.0, "percent_covered_display": "100.00", "missing_lines": 0, "excluded_lines": 2, "percent_statements_covered": 100.0, "percent_statements_covered_display": "100.00"}, "missing_lines": [], "excluded_lines": [29, 30], "functions": {"ModelRouter.__init__": {"executed_lines": [83], "summary": {"covered_lines": 1, "num_statements": 1, "percent_covered": 100.0, "percent_covered_display": "100.00", "missing_lines": 0, "excluded_lines": 0, "percent_statements_covered": 100.0, "percent_statements_covered_display": "100.00"}, "missing_lines": [], "excluded_lines": []}, "ModelRouter.select": {"executed_lines": [105, 106, 108, 109, 114, 118], "summary": {"covered_lines": 6, "num_statements": 6, "percent_covered": 100.0, "percent_covered_display": "100.00", "missing_lines": 0, "excluded_lines": 0, "percent_statements_covered": 100.0, "percent_statements_covered_display": "100.00"}, "missing_lines": [], "excluded_lines": []}, "ModelRouter._classify": {"executed_lines": [132, 135, 136, 137, 138, 141, 142, 143, 144, 147, 148, 154, 155, 158], "summary": {"covered_lines": 14, "num_statements": 14, "percent_covered": 100.0, "percent_covered_display": "100.00", "missing_lines": 0, "excluded_lines": 0, "percent_statements_covered": 100.0, "percent_statements_covered_display": "100.00"}, "missing_lines": [], "excluded_lines": []}, "ModelRouter._is_fast": {"executed_lines": [163, 164, 165, 166, 168, 169, 170], "summary": {"covered_lines": 7, "num_statements": 7, "percent_covered": 100.0, "percent_covered_display": "100.00", "missing_lines": 0, "excluded_lines": 0, "percent_statements_covered": 100.0, "percent_statements_covered_display": "100.00"}, "missing_lines": [], "excluded_lines": []}, "": {"executed_lines": [1, 21, 23, 24, 26, 27, 29, 32, 39, 42, 48, 60, 67, 74, 75, 82, 85, 124, 160, 161], "summary": {"covered_lines": 17, "num_statements": 17, "percent_covered": 100.0, "percent_covered_display": "100.00", "missing_lines": 0, "excluded_lines": 2, "percent_statements_covered": 100.0, "percent_statements_covered_display": "100.00"}, "missing_lines": [], "excluded_lines": [29, 30]}}, "classes": {"ModelRouter": {"executed_lines": [83, 105, 106, 108, 109, 114, 118, 132, 135, 136, 137, 138, 141, 142, 143, 144, 147, 148, 154, 155, 158, 163, 164, 165, 166, 168, 169, 170], "summary": {"covered_lines": 28, "num_statements": 28, "percent_covered": 100.0, "percent_covered_display": "100.00", "missing_lines": 0, "excluded_lines": 0, "percent_statements_covered": 100.0, "percent_statements_covered_display": "100.00"}, "missing_lines": [], "excluded_lines": []}, "": {"executed_lines": [1, 21, 23, 24, 26, 27, 29, 32, 39, 42, 48, 60, 67, 74, 75, 82, 85, 124, 160, 161], "summary": {"covered_lines": 17, "num_statements": 17, "percent_covered": 100.0, "percent_covered_display": "100.00", "missing_lines": 0, "excluded_lines": 2, "percent_statements_covered": 100.0, "percent_statements_covered_display": "100.00"}, "missing_lines": [], "excluded_lines": [29, 30]}}}, "src\\agent\\tool_router.py": {"executed_lines": [1, 15, 17, 19, 22, 23, 24, 26, 33, 34, 40, 63, 64, 65, 66, 67, 68, 69, 75, 113, 114, 116, 127, 128, 129, 130, 135, 136, 138, 155], "summary": {"covered_lines": 28, "num_statements": 62, "percent_covered": 45.16129032258065, "percent_covered_display": "45.16", "missing_lines": 34, "excluded_lines": 0, "percent_statements_covered": 45.16129032258065, "percent_statements_covered_display": "45.16"}, "missing_lines": [76, 78, 79, 80, 81, 86, 87, 88, 89, 90, 93, 94, 95, 96, 97, 98, 99, 100, 111, 117, 118, 119, 120, 121, 122, 123, 124, 139, 140, 141, 146, 147, 151, 152], "excluded_lines": [], "functions": {"ToolRouter.dispatch": {"executed_lines": [63, 64, 65, 66, 67, 68, 69], "summary": {"covered_lines": 7, "num_statements": 7, "percent_covered": 100.0, "percent_covered_display": "100.00", "missing_lines": 0, "excluded_lines": 0, "percent_statements_covered": 100.0, "percent_statements_covered_display": "100.00"}, "missing_lines": [], "excluded_lines": []}, "ToolRouter._local_docs": {"executed_lines": [], "summary": {"covered_lines": 0, "num_statements": 19, "percent_covered": 0.0, "percent_covered_display": "0.00", "missing_lines": 19, "excluded_lines": 0, "percent_statements_covered": 0.0, "percent_statements_covered_display": "0.00"}, "missing_lines": [76, 78, 79, 80, 81, 86, 87, 88, 89, 90, 93, 94, 95, 96, 97, 98, 99, 100, 111], "excluded_lines": []}, "ToolRouter._web_search": {"executed_lines": [114, 116, 127, 128, 129, 130], "summary": {"covered_lines": 6, "num_statements": 14, "percent_covered": 42.857142857142854, "percent_covered_display": "42.86", "missing_lines": 8, "excluded_lines": 0, "percent_statements_covered": 42.857142857142854, "percent_statements_covered_display": "42.86"}, "missing_lines": [117, 118, 119, 120, 121, 122, 123, 124], "excluded_lines": []}, "ToolRouter._cloud_connectors": {"executed_lines": [136, 138, 155], "summary": {"covered_lines": 3, "num_statements": 10, "percent_covered": 30.0, "percent_covered_display": "30.00", "missing_lines": 7, "excluded_lines": 0, "percent_statements_covered": 30.0, "percent_statements_covered_display": "30.00"}, "missing_lines": [139, 140, 141, 146, 147, 151, 152], "excluded_lines": []}, "": {"executed_lines": [1, 15, 17, 19, 22, 23, 24, 26, 33, 34, 40, 75, 113, 135], "summary": {"covered_lines": 12, "num_statements": 12, "percent_covered": 100.0, "percent_covered_display": "100.00", "missing_lines": 0, "excluded_lines": 0, "percent_statements_covered": 100.0, "percent_statements_covered_display": "100.00"}, "missing_lines": [], "excluded_lines": []}}, "classes": {"ToolRouter": {"executed_lines": [63, 64, 65, 66, 67, 68, 69, 114, 116, 127, 128, 129, 130, 136, 138, 155], "summary": {"covered_lines": 16, "num_statements": 50, "percent_covered": 32.0, "percent_covered_display": "32.00", "missing_lines": 34, "excluded_lines": 0, "percent_statements_covered": 32.0, "percent_statements_covered_display": "32.00"}, "missing_lines": [76, 78, 79, 80, 81, 86, 87, 88, 89, 90, 93, 94, 95, 96, 97, 98, 99, 100, 111, 117, 118, 119, 120, 121, 122, 123, 124, 139, 140, 141, 146, 147, 151, 152], "excluded_lines": []}, "": {"executed_lines": [1, 15, 17, 19, 22, 23, 24, 26, 33, 34, 40, 75, 113, 135], "summary": {"covered_lines": 12, "num_statements": 12, "percent_covered": 100.0, "percent_covered_display": "100.00", "missing_lines": 0, "excluded_lines": 0, "percent_statements_covered": 100.0, "percent_statements_covered_display": "100.00"}, "missing_lines": [], "excluded_lines": []}}}, "src\\api_docs.py": {"executed_lines": [2, 18, 20, 23, 44, 269, 290, 291, 293, 299, 306], "summary": {"covered_lines": 10, "num_statements": 12, "percent_covered": 83.33333333333333, "percent_covered_display": "83.33", "missing_lines": 2, "excluded_lines": 0, "percent_statements_covered": 83.33333333333333, "percent_statements_covered_display": "83.33"}, "missing_lines": [300, 302], "excluded_lines": [], "functions": {"init_swagger": {"executed_lines": [290, 291, 293, 299], "summary": {"covered_lines": 4, "num_statements": 6, "percent_covered": 66.66666666666667, "percent_covered_display": "66.67", "missing_lines": 2, "excluded_lines": 0, "percent_statements_covered": 66.66666666666667, "percent_statements_covered_display": "66.67"}, "missing_lines": [300, 302], "excluded_lines": []}, "": {"executed_lines": [2, 18, 20, 23, 44, 269, 306], "summary": {"covered_lines": 6, "num_statements": 6, "percent_covered": 100.0, "percent_covered_display": "100.00", "missing_lines": 0, "excluded_lines": 0, "percent_statements_covered": 100.0, "percent_statements_covered_display": "100.00"}, "missing_lines": [], "excluded_lines": []}}, "classes": {"": {"executed_lines": [2, 18, 20, 23, 44, 269, 290, 291, 293, 299, 306], "summary": {"covered_lines": 10, "num_statements": 12, "percent_covered": 83.33333333333333, "percent_covered_display": "83.33", "missing_lines": 2, "excluded_lines": 0, "percent_statements_covered": 83.33333333333333, "percent_statements_covered_display": "83.33"}, "missing_lines": [300, 302], "excluded_lines": []}}}, "src\\app_factory.py": {"executed_lines": [2, 26, 27, 28, 30, 32, 33, 34, 37, 40, 67, 70, 77, 80, 81, 82, 85, 88, 89, 92, 93, 96, 97, 100, 103, 106, 109, 111, 113, 116, 130, 131, 132, 135, 136, 137, 138, 141, 142, 145, 147, 150, 159, 160, 161, 164, 165, 166, 169, 172, 175, 182, 183, 184, 185, 188, 190, 193, 195, 196, 215, 217, 218, 219, 220, 221, 222, 223, 228, 233, 240, 241, 242, 243, 244, 245, 246, 253, 255, 257, 258, 259, 260, 261, 267, 268, 269, 278, 281, 283, 287, 289, 291, 293, 294, 296, 297, 298, 299, 300, 303, 310, 311, 313, 314, 317, 320, 328, 329, 334, 341, 342, 343, 345, 352, 360, 361, 363, 364, 373, 381, 392, 393, 394, 395, 396, 397, 398, 400, 403, 410, 413, 415, 418, 427, 428, 429, 431, 432, 435, 436, 437, 438, 440, 441, 448, 455, 456, 458, 465, 474, 475, 476, 478, 481, 488, 489, 491, 492, 494, 502, 509, 510, 512, 514, 521], "summary": {"covered_lines": 165, "num_statements": 225, "percent_covered": 73.33333333333333, "percent_covered_display": "73.33", "missing_lines": 60, "excluded_lines": 0, "percent_statements_covered": 73.33333333333333, "percent_statements_covered_display": "73.33"}, "missing_lines": [197, 198, 199, 200, 201, 202, 207, 208, 209, 210, 211, 212, 224, 225, 226, 227, 230, 248, 249, 250, 262, 263, 264, 265, 266, 270, 271, 272, 273, 274, 275, 276, 277, 284, 285, 321, 322, 366, 367, 368, 369, 370, 443, 444, 445, 460, 461, 462, 463, 467, 468, 469, 470, 471, 496, 497, 498, 499, 516, 517], "excluded_lines": [], "functions": {"create_app": {"executed_lines": [67, 70, 77, 80, 81, 82, 85, 88, 89, 92, 93, 96, 97, 100, 103, 106, 109, 111, 113], "summary": {"covered_lines": 19, "num_statements": 19, "percent_covered": 100.0, "percent_covered_display": "100.00", "missing_lines": 0, "excluded_lines": 0, "percent_statements_covered": 100.0, "percent_statements_covered_display": "100.00"}, "missing_lines": [], "excluded_lines": []}, "_load_configuration": {"executed_lines": [130, 131, 132, 135, 136, 137, 138, 141, 142, 145, 147], "summary": {"covered_lines": 11, "num_statements": 11, "percent_covered": 100.0, "percent_covered_display": "100.00", "missing_lines": 0, "excluded_lines": 0, "percent_statements_covered": 100.0, "percent_statements_covered_display": "100.00"}, "missing_lines": [], "excluded_lines": []}, "_init_services": {"executed_lines": [159, 160, 161, 164, 165, 166, 169, 172, 175, 182, 183, 184, 185, 188, 190], "summary": {"covered_lines": 15, "num_statements": 15, "percent_covered": 100.0, "percent_covered_display": "100.00", "missing_lines": 0, "excluded_lines": 0, "percent_statements_covered": 100.0, "percent_statements_covered_display": "100.00"}, "missing_lines": [], "excluded_lines": []}, "_init_cloud_client": {"executed_lines": [195, 196], "summary": {"covered_lines": 2, "num_statements": 14, "percent_covered": 14.285714285714286, "percent_covered_display": "14.29", "missing_lines": 12, "excluded_lines": 0, "percent_statements_covered": 14.285714285714286, "percent_statements_covered_display": "14.29"}, "missing_lines": [197, 198, 199, 200, 201, 202, 207, 208, 209, 210, 211, 212], "excluded_lines": []}, "_init_ollama_service": {"executed_lines": [217, 218, 219, 220, 221, 222, 223, 228], "summary": {"covered_lines": 8, "num_statements": 13, "percent_covered": 61.53846153846154, "percent_covered_display": "61.54", "missing_lines": 5, "excluded_lines": 0, "percent_statements_covered": 61.53846153846154, "percent_statements_covered_display": "61.54"}, "missing_lines": [224, 225, 226, 227, 230], "excluded_lines": []}, "_warmup_embedding_model": {"executed_lines": [240, 241, 242, 243, 244, 245, 246], "summary": {"covered_lines": 7, "num_statements": 10, "percent_covered": 70.0, "percent_covered_display": "70.00", "missing_lines": 3, "excluded_lines": 0, "percent_statements_covered": 70.0, "percent_statements_covered_display": "70.00"}, "missing_lines": [248, 249, 250], "excluded_lines": []}, "_init_database_service": {"executed_lines": [255, 257, 258, 259, 260, 261, 267, 268, 269, 278], "summary": {"covered_lines": 10, "num_statements": 23, "percent_covered": 43.47826086956522, "percent_covered_display": "43.48", "missing_lines": 13, "excluded_lines": 0, "percent_statements_covered": 43.47826086956522, "percent_statements_covered_display": "43.48"}, "missing_lines": [262, 263, 264, 265, 266, 270, 271, 272, 273, 274, 275, 276, 277], "excluded_lines": []}, "_load_plugins": {"executed_lines": [283, 287, 289, 291, 293, 294, 296, 297, 298, 299, 300], "summary": {"covered_lines": 11, "num_statements": 13, "percent_covered": 84.61538461538461, "percent_covered_display": "84.62", "missing_lines": 2, "excluded_lines": 0, "percent_statements_covered": 84.61538461538461, "percent_statements_covered_display": "84.62"}, "missing_lines": [284, 285], "excluded_lines": []}, "_init_caching": {"executed_lines": [310, 311, 313, 314, 317, 320, 328, 329, 334, 341, 342, 343, 345, 352, 360, 361, 363, 364], "summary": {"covered_lines": 18, "num_statements": 25, "percent_covered": 72.0, "percent_covered_display": "72.00", "missing_lines": 7, "excluded_lines": 0, "percent_statements_covered": 72.0, "percent_statements_covered_display": "72.00"}, "missing_lines": [321, 322, 366, 367, 368, 369, 370], "excluded_lines": []}, "_register_blueprints": {"executed_lines": [381, 392, 393, 394, 395, 396, 397, 398, 400], "summary": {"covered_lines": 9, "num_statements": 9, "percent_covered": 100.0, "percent_covered_display": "100.00", "missing_lines": 0, "excluded_lines": 0, "percent_statements_covered": 100.0, "percent_statements_covered_display": "100.00"}, "missing_lines": [], "excluded_lines": []}, "_register_error_handlers": {"executed_lines": [410, 413, 415], "summary": {"covered_lines": 3, "num_statements": 3, "percent_covered": 100.0, "percent_covered_display": "100.00", "missing_lines": 0, "excluded_lines": 0, "percent_statements_covered": 100.0, "percent_statements_covered_display": "100.00"}, "missing_lines": [], "excluded_lines": []}, "_init_security": {"executed_lines": [427, 428, 429, 431, 432, 435, 436, 437, 438, 440, 441], "summary": {"covered_lines": 11, "num_statements": 14, "percent_covered": 78.57142857142857, "percent_covered_display": "78.57", "missing_lines": 3, "excluded_lines": 0, "percent_statements_covered": 78.57142857142857, "percent_statements_covered_display": "78.57"}, "missing_lines": [443, 444, 445], "excluded_lines": []}, "_setup_cleanup_handlers": {"executed_lines": [455, 456, 458, 465, 474, 475, 476, 478], "summary": {"covered_lines": 8, "num_statements": 8, "percent_covered": 100.0, "percent_covered_display": "100.00", "missing_lines": 0, "excluded_lines": 0, "percent_statements_covered": 100.0, "percent_statements_covered_display": "100.00"}, "missing_lines": [], "excluded_lines": []}, "_setup_cleanup_handlers.cleanup": {"executed_lines": [], "summary": {"covered_lines": 0, "num_statements": 4, "percent_covered": 0.0, "percent_covered_display": "0.00", "missing_lines": 4, "excluded_lines": 0, "percent_statements_covered": 0.0, "percent_statements_covered_display": "0.00"}, "missing_lines": [460, 461, 462, 463], "excluded_lines": []}, "_setup_cleanup_handlers.signal_handler": {"executed_lines": [], "summary": {"covered_lines": 0, "num_statements": 5, "percent_covered": 0.0, "percent_covered_display": "0.00", "missing_lines": 5, "excluded_lines": 0, "percent_statements_covered": 0.0, "percent_statements_covered_display": "0.00"}, "missing_lines": [467, 468, 469, 470, 471], "excluded_lines": []}, "_init_api_docs": {"executed_lines": [488, 489, 491, 492, 494], "summary": {"covered_lines": 5, "num_statements": 9, "percent_covered": 55.55555555555556, "percent_covered_display": "55.56", "missing_lines": 4, "excluded_lines": 0, "percent_statements_covered": 55.55555555555556, "percent_statements_covered_display": "55.56"}, "missing_lines": [496, 497, 498, 499], "excluded_lines": []}, "_init_monitoring": {"executed_lines": [509, 510, 512, 514], "summary": {"covered_lines": 4, "num_statements": 6, "percent_covered": 66.66666666666667, "percent_covered_display": "66.67", "missing_lines": 2, "excluded_lines": 0, "percent_statements_covered": 66.66666666666667, "percent_statements_covered_display": "66.67"}, "missing_lines": [516, 517], "excluded_lines": []}, "": {"executed_lines": [2, 26, 27, 28, 30, 32, 33, 34, 37, 40, 116, 150, 193, 215, 233, 253, 281, 303, 373, 403, 418, 448, 481, 502, 521], "summary": {"covered_lines": 24, "num_statements": 24, "percent_covered": 100.0, "percent_covered_display": "100.00", "missing_lines": 0, "excluded_lines": 0, "percent_statements_covered": 100.0, "percent_statements_covered_display": "100.00"}, "missing_lines": [], "excluded_lines": []}}, "classes": {"": {"executed_lines": [2, 26, 27, 28, 30, 32, 33, 34, 37, 40, 67, 70, 77, 80, 81, 82, 85, 88, 89, 92, 93, 96, 97, 100, 103, 106, 109, 111, 113, 116, 130, 131, 132, 135, 136, 137, 138, 141, 142, 145, 147, 150, 159, 160, 161, 164, 165, 166, 169, 172, 175, 182, 183, 184, 185, 188, 190, 193, 195, 196, 215, 217, 218, 219, 220, 221, 222, 223, 228, 233, 240, 241, 242, 243, 244, 245, 246, 253, 255, 257, 258, 259, 260, 261, 267, 268, 269, 278, 281, 283, 287, 289, 291, 293, 294, 296, 297, 298, 299, 300, 303, 310, 311, 313, 314, 317, 320, 328, 329, 334, 341, 342, 343, 345, 352, 360, 361, 363, 364, 373, 381, 392, 393, 394, 395, 396, 397, 398, 400, 403, 410, 413, 415, 418, 427, 428, 429, 431, 432, 435, 436, 437, 438, 440, 441, 448, 455, 456, 458, 465, 474, 475, 476, 478, 481, 488, 489, 491, 492, 494, 502, 509, 510, 512, 514, 521], "summary": {"covered_lines": 165, "num_statements": 225, "percent_covered": 73.33333333333333, "percent_covered_display": "73.33", "missing_lines": 60, "excluded_lines": 0, "percent_statements_covered": 73.33333333333333, "percent_statements_covered_display": "73.33"}, "missing_lines": [197, 198, 199, 200, 201, 202, 207, 208, 209, 210, 211, 212, 224, 225, 226, 227, 230, 248, 249, 250, 262, 263, 264, 265, 266, 270, 271, 272, 273, 274, 275, 276, 277, 284, 285, 321, 322, 366, 367, 368, 369, 370, 443, 444, 445, 460, 461, 462, 463, 467, 468, 469, 470, 471, 496, 497, 498, 499, 516, 517], "excluded_lines": []}}}, "src\\cache\\__init__.py": {"executed_lines": [2, 20, 21, 22, 23, 24, 25, 26, 27, 29, 31, 34, 35, 36, 37, 38, 39, 40, 41, 42, 43, 45, 46, 48, 49, 51, 52, 54, 56, 58, 71, 72, 78, 85, 86, 88, 89, 93, 94, 98, 99, 103, 104, 108, 109, 113, 114, 118, 128, 130, 143, 144, 151, 159, 160, 161, 162, 164, 166, 168, 170, 171, 172, 174, 177, 178, 179, 180, 183, 185, 186, 188, 190, 193, 194, 195, 198, 202, 203, 205, 206, 208, 210, 212, 214, 215, 216, 217, 218, 222, 224, 226, 227, 229, 230, 234, 236, 238, 239, 241, 242, 244, 245, 247, 249, 251, 252, 255, 256, 263, 311, 332, 353, 368, 378, 398, 415, 438, 447, 448], "summary": {"covered_lines": 103, "num_statements": 190, "percent_covered": 54.21052631578947, "percent_covered_display": "54.21", "missing_lines": 87, "excluded_lines": 24, "percent_statements_covered": 54.21052631578947, "percent_statements_covered_display": "54.21"}, "missing_lines": [140, 199, 200, 220, 231, 232, 283, 285, 286, 287, 289, 300, 302, 304, 305, 306, 307, 308, 309, 313, 315, 316, 318, 319, 320, 323, 324, 325, 327, 328, 329, 330, 334, 336, 338, 341, 342, 344, 346, 347, 349, 350, 351, 355, 357, 358, 359, 360, 361, 362, 364, 365, 366, 370, 372, 373, 374, 375, 376, 380, 382, 383, 385, 386, 388, 389, 390, 392, 394, 395, 396, 400, 401, 402, 405, 406, 407, 409, 410, 412, 439, 441, 442, 443, 444, 445, 451], "excluded_lines": [88, 89, 90, 91, 93, 94, 95, 96, 98, 99, 100, 101, 103, 104, 105, 106, 108, 109, 110, 111, 113, 114, 115, 116], "functions": {"CacheStats.hit_rate": {"executed_lines": [48, 49], "summary": {"covered_lines": 2, "num_statements": 2, "percent_covered": 100.0, "percent_covered_display": "100.00", "missing_lines": 0, "excluded_lines": 0, "percent_statements_covered": 100.0, "percent_statements_covered_display": "100.00"}, "missing_lines": [], "excluded_lines": []}, "CacheStats.usage_percent": {"executed_lines": [54], "summary": {"covered_lines": 1, "num_statements": 1, "percent_covered": 100.0, "percent_covered_display": "100.00", "missing_lines": 0, "excluded_lines": 0, "percent_statements_covered": 100.0, "percent_statements_covered_display": "100.00"}, "missing_lines": [], "excluded_lines": []}, "CacheStats.to_dict": {"executed_lines": [58], "summary": {"covered_lines": 1, "num_statements": 1, "percent_covered": 100.0, "percent_covered_display": "100.00", "missing_lines": 0, "excluded_lines": 0, "percent_statements_covered": 100.0, "percent_statements_covered_display": "100.00"}, "missing_lines": [], "excluded_lines": []}, "CacheBackend.__init__": {"executed_lines": [85, 86], "summary": {"covered_lines": 2, "num_statements": 2, "percent_covered": 100.0, "percent_covered_display": "100.00", "missing_lines": 0, "excluded_lines": 0, "percent_statements_covered": 100.0, "percent_statements_covered_display": "100.00"}, "missing_lines": [], "excluded_lines": []}, "CacheBackend.get": {"executed_lines": [], "summary": {"covered_lines": 0, "num_statements": 0, "percent_covered": 100.0, "percent_covered_display": "100.00", "missing_lines": 0, "excluded_lines": 2, "percent_statements_covered": 100.0, "percent_statements_covered_display": "100.00"}, "missing_lines": [], "excluded_lines": [90, 91]}, "CacheBackend.set": {"executed_lines": [], "summary": {"covered_lines": 0, "num_statements": 0, "percent_covered": 100.0, "percent_covered_display": "100.00", "missing_lines": 0, "excluded_lines": 2, "percent_statements_covered": 100.0, "percent_statements_covered_display": "100.00"}, "missing_lines": [], "excluded_lines": [95, 96]}, "CacheBackend.delete": {"executed_lines": [], "summary": {"covered_lines": 0, "num_statements": 0, "percent_covered": 100.0, "percent_covered_display": "100.00", "missing_lines": 0, "excluded_lines": 2, "percent_statements_covered": 100.0, "percent_statements_covered_display": "100.00"}, "missing_lines": [], "excluded_lines": [100, 101]}, "CacheBackend.exists": {"executed_lines": [], "summary": {"covered_lines": 0, "num_statements": 0, "percent_covered": 100.0, "percent_covered_display": "100.00", "missing_lines": 0, "excluded_lines": 2, "percent_statements_covered": 100.0, "percent_statements_covered_display": "100.00"}, "missing_lines": [], "excluded_lines": [105, 106]}, "CacheBackend.clear": {"executed_lines": [], "summary": {"covered_lines": 0, "num_statements": 0, "percent_covered": 100.0, "percent_covered_display": "100.00", "missing_lines": 0, "excluded_lines": 2, "percent_statements_covered": 100.0, "percent_statements_covered_display": "100.00"}, "missing_lines": [], "excluded_lines": [110, 111]}, "CacheBackend.get_stats": {"executed_lines": [], "summary": {"covered_lines": 0, "num_statements": 0, "percent_covered": 100.0, "percent_covered_display": "100.00", "missing_lines": 0, "excluded_lines": 2, "percent_statements_covered": 100.0, "percent_statements_covered_display": "100.00"}, "missing_lines": [], "excluded_lines": [115, 116]}, "CacheBackend.make_key": {"executed_lines": [128], "summary": {"covered_lines": 1, "num_statements": 1, "percent_covered": 100.0, "percent_covered_display": "100.00", "missing_lines": 0, "excluded_lines": 0, "percent_statements_covered": 100.0, "percent_statements_covered_display": "100.00"}, "missing_lines": [], "excluded_lines": []}, "CacheBackend.hash_key": {"executed_lines": [], "summary": {"covered_lines": 0, "num_statements": 1, "percent_covered": 0.0, "percent_covered_display": "0.00", "missing_lines": 1, "excluded_lines": 0, "percent_statements_covered": 0.0, "percent_statements_covered_display": "0.00"}, "missing_lines": [140], "excluded_lines": []}, "MemoryCache.__init__": {"executed_lines": [159, 160, 161, 162, 164], "summary": {"covered_lines": 5, "num_statements": 5, "percent_covered": 100.0, "percent_covered_display": "100.00", "missing_lines": 0, "excluded_lines": 0, "percent_statements_covered": 100.0, "percent_statements_covered_display": "100.00"}, "missing_lines": [], "excluded_lines": []}, "MemoryCache.get": {"executed_lines": [168, 170, 171, 172, 174, 177, 178, 179, 180, 183, 185, 186], "summary": {"covered_lines": 12, "num_statements": 12, "percent_covered": 100.0, "percent_covered_display": "100.00", "missing_lines": 0, "excluded_lines": 0, "percent_statements_covered": 100.0, "percent_statements_covered_display": "100.00"}, "missing_lines": [], "excluded_lines": []}, "MemoryCache.set": {"executed_lines": [190, 193, 194, 195, 198, 202, 203, 205, 206, 208], "summary": {"covered_lines": 10, "num_statements": 12, "percent_covered": 83.33333333333333, "percent_covered_display": "83.33", "missing_lines": 2, "excluded_lines": 0, "percent_statements_covered": 83.33333333333333, "percent_statements_covered_display": "83.33"}, "missing_lines": [199, 200], "excluded_lines": []}, "MemoryCache.delete": {"executed_lines": [212, 214, 215, 216, 217, 218], "summary": {"covered_lines": 6, "num_statements": 7, "percent_covered": 85.71428571428571, "percent_covered_display": "85.71", "missing_lines": 1, "excluded_lines": 0, "percent_statements_covered": 85.71428571428571, "percent_statements_covered_display": "85.71"}, "missing_lines": [220], "excluded_lines": []}, "MemoryCache.exists": {"executed_lines": [224, 226, 227, 229, 230, 234], "summary": {"covered_lines": 6, "num_statements": 8, "percent_covered": 75.0, "percent_covered_display": "75.00", "missing_lines": 2, "excluded_lines": 0, "percent_statements_covered": 75.0, "percent_statements_covered_display": "75.00"}, "missing_lines": [231, 232], "excluded_lines": []}, "MemoryCache.clear": {"executed_lines": [238, 239, 241, 242, 244, 245, 247], "summary": {"covered_lines": 7, "num_statements": 7, "percent_covered": 100.0, "percent_covered_display": "100.00", "missing_lines": 0, "excluded_lines": 0, "percent_statements_covered": 100.0, "percent_statements_covered_display": "100.00"}, "missing_lines": [], "excluded_lines": []}, "MemoryCache.get_stats": {"executed_lines": [251, 252], "summary": {"covered_lines": 2, "num_statements": 2, "percent_covered": 100.0, "percent_covered_display": "100.00", "missing_lines": 0, "excluded_lines": 0, "percent_statements_covered": 100.0, "percent_statements_covered_display": "100.00"}, "missing_lines": [], "excluded_lines": []}, "RedisCache.__init__": {"executed_lines": [], "summary": {"covered_lines": 0, "num_statements": 13, "percent_covered": 0.0, "percent_covered_display": "0.00", "missing_lines": 13, "excluded_lines": 0, "percent_statements_covered": 0.0, "percent_statements_covered_display": "0.00"}, "missing_lines": [283, 285, 286, 287, 289, 300, 302, 304, 305, 306, 307, 308, 309], "excluded_lines": []}, "RedisCache.get": {"executed_lines": [], "summary": {"covered_lines": 0, "num_statements": 13, "percent_covered": 0.0, "percent_covered_display": "0.00", "missing_lines": 13, "excluded_lines": 0, "percent_statements_covered": 0.0, "percent_statements_covered_display": "0.00"}, "missing_lines": [313, 315, 316, 318, 319, 320, 323, 324, 325, 327, 328, 329, 330], "excluded_lines": []}, "RedisCache.set": {"executed_lines": [], "summary": {"covered_lines": 0, "num_statements": 11, "percent_covered": 0.0, "percent_covered_display": "0.00", "missing_lines": 11, "excluded_lines": 0, "percent_statements_covered": 0.0, "percent_statements_covered_display": "0.00"}, "missing_lines": [334, 336, 338, 341, 342, 344, 346, 347, 349, 350, 351], "excluded_lines": []}, "RedisCache.delete": {"executed_lines": [], "summary": {"covered_lines": 0, "num_statements": 10, "percent_covered": 0.0, "percent_covered_display": "0.00", "missing_lines": 10, "excluded_lines": 0, "percent_statements_covered": 0.0, "percent_statements_covered_display": "0.00"}, "missing_lines": [355, 357, 358, 359, 360, 361, 362, 364, 365, 366], "excluded_lines": []}, "RedisCache.exists": {"executed_lines": [], "summary": {"covered_lines": 0, "num_statements": 6, "percent_covered": 0.0, "percent_covered_display": "0.00", "missing_lines": 6, "excluded_lines": 0, "percent_statements_covered": 0.0, "percent_statements_covered_display": "0.00"}, "missing_lines": [370, 372, 373, 374, 375, 376], "excluded_lines": []}, "RedisCache.clear": {"executed_lines": [], "summary": {"covered_lines": 0, "num_statements": 12, "percent_covered": 0.0, "percent_covered_display": "0.00", "missing_lines": 12, "excluded_lines": 0, "percent_statements_covered": 0.0, "percent_statements_covered_display": "0.00"}, "missing_lines": [380, 382, 383, 385, 386, 388, 389, 390, 392, 394, 395, 396], "excluded_lines": []}, "RedisCache.get_stats": {"executed_lines": [], "summary": {"covered_lines": 0, "num_statements": 9, "percent_covered": 0.0, "percent_covered_display": "0.00", "missing_lines": 9, "excluded_lines": 0, "percent_statements_covered": 0.0, "percent_statements_covered_display": "0.00"}, "missing_lines": [400, 401, 402, 405, 406, 407, 409, 410, 412], "excluded_lines": []}, "create_cache_backend": {"executed_lines": [438, 447, 448], "summary": {"covered_lines": 3, "num_statements": 10, "percent_covered": 30.0, "percent_covered_display": "30.00", "missing_lines": 7, "excluded_lines": 0, "percent_statements_covered": 30.0, "percent_statements_covered_display": "30.00"}, "missing_lines": [439, 441, 442, 443, 444, 445, 451], "excluded_lines": []}, "": {"executed_lines": [2, 20, 21, 22, 23, 24, 25, 26, 27, 29, 31, 34, 35, 36, 37, 38, 39, 40, 41, 42, 43, 45, 46, 51, 52, 56, 71, 72, 78, 88, 89, 93, 94, 98, 99, 103, 104, 108, 109, 113, 114, 118, 130, 143, 144, 151, 166, 188, 210, 222, 236, 249, 255, 256, 263, 311, 332, 353, 368, 378, 398, 415], "summary": {"covered_lines": 45, "num_statements": 45, "percent_covered": 100.0, "percent_covered_display": "100.00", "missing_lines": 0, "excluded_lines": 12, "percent_statements_covered": 100.0, "percent_statements_covered_display": "100.00"}, "missing_lines": [], "excluded_lines": [88, 89, 93, 94, 98, 99, 103, 104, 108, 109, 113, 114]}}, "classes": {"CacheStats": {"executed_lines": [48, 49, 54, 58], "summary": {"covered_lines": 4, "num_statements": 4, "percent_covered": 100.0, "percent_covered_display": "100.00", "missing_lines": 0, "excluded_lines": 0, "percent_statements_covered": 100.0, "percent_statements_covered_display": "100.00"}, "missing_lines": [], "excluded_lines": []}, "CacheBackend": {"executed_lines": [85, 86, 128], "summary": {"covered_lines": 3, "num_statements": 4, "percent_covered": 75.0, "percent_covered_display": "75.00", "missing_lines": 1, "excluded_lines": 12, "percent_statements_covered": 75.0, "percent_statements_covered_display": "75.00"}, "missing_lines": [140], "excluded_lines": [90, 91, 95, 96, 100, 101, 105, 106, 110, 111, 115, 116]}, "MemoryCache": {"executed_lines": [159, 160, 161, 162, 164, 168, 170, 171, 172, 174, 177, 178, 179, 180, 183, 185, 186, 190, 193, 194, 195, 198, 202, 203, 205, 206, 208, 212, 214, 215, 216, 217, 218, 224, 226, 227, 229, 230, 234, 238, 239, 241, 242, 244, 245, 247, 251, 252], "summary": {"covered_lines": 48, "num_statements": 53, "percent_covered": 90.56603773584905, "percent_covered_display": "90.57", "missing_lines": 5, "excluded_lines": 0, "percent_statements_covered": 90.56603773584905, "percent_statements_covered_display": "90.57"}, "missing_lines": [199, 200, 220, 231, 232], "excluded_lines": []}, "RedisCache": {"executed_lines": [], "summary": {"covered_lines": 0, "num_statements": 74, "percent_covered": 0.0, "percent_covered_display": "0.00", "missing_lines": 74, "excluded_lines": 0, "percent_statements_covered": 0.0, "percent_statements_covered_display": "0.00"}, "missing_lines": [283, 285, 286, 287, 289, 300, 302, 304, 305, 306, 307, 308, 309, 313, 315, 316, 318, 319, 320, 323, 324, 325, 327, 328, 329, 330, 334, 336, 338, 341, 342, 344, 346, 347, 349, 350, 351, 355, 357, 358, 359, 360, 361, 362, 364, 365, 366, 370, 372, 373, 374, 375, 376, 380, 382, 383, 385, 386, 388, 389, 390, 392, 394, 395, 396, 400, 401, 402, 405, 406, 407, 409, 410, 412], "excluded_lines": []}, "": {"executed_lines": [2, 20, 21, 22, 23, 24, 25, 26, 27, 29, 31, 34, 35, 36, 37, 38, 39, 40, 41, 42, 43, 45, 46, 51, 52, 56, 71, 72, 78, 88, 89, 93, 94, 98, 99, 103, 104, 108, 109, 113, 114, 118, 130, 143, 144, 151, 166, 188, 210, 222, 236, 249, 255, 256, 263, 311, 332, 353, 368, 378, 398, 415, 438, 447, 448], "summary": {"covered_lines": 48, "num_statements": 55, "percent_covered": 87.27272727272727, "percent_covered_display": "87.27", "missing_lines": 7, "excluded_lines": 12, "percent_statements_covered": 87.27272727272727, "percent_statements_covered_display": "87.27"}, "missing_lines": [439, 441, 442, 443, 444, 445, 451], "excluded_lines": [88, 89, 93, 94, 98, 99, 103, 104, 108, 109, 113, 114]}}}, "src\\cache\\backends\\__init__.py": {"executed_lines": [2, 13, 14, 15, 16, 18], "summary": {"covered_lines": 5, "num_statements": 5, "percent_covered": 100.0, "percent_covered_display": "100.00", "missing_lines": 0, "excluded_lines": 0, "percent_statements_covered": 100.0, "percent_statements_covered_display": "100.00"}, "missing_lines": [], "excluded_lines": [], "functions": {"": {"executed_lines": [2, 13, 14, 15, 16, 18], "summary": {"covered_lines": 5, "num_statements": 5, "percent_covered": 100.0, "percent_covered_display": "100.00", "missing_lines": 0, "excluded_lines": 0, "percent_statements_covered": 100.0, "percent_statements_covered_display": "100.00"}, "missing_lines": [], "excluded_lines": []}}, "classes": {"": {"executed_lines": [2, 13, 14, 15, 16, 18], "summary": {"covered_lines": 5, "num_statements": 5, "percent_covered": 100.0, "percent_covered_display": "100.00", "missing_lines": 0, "excluded_lines": 0, "percent_statements_covered": 100.0, "percent_statements_covered_display": "100.00"}, "missing_lines": [], "excluded_lines": []}}}, "src\\cache\\backends\\base.py": {"executed_lines": [1, 9, 10, 11, 12, 14, 16, 19, 20, 21, 23, 24, 25, 26, 27, 28, 29, 31, 32, 33, 34, 36, 37, 38, 40, 41, 54, 55, 57, 58, 59, 61, 62, 65, 66, 69, 70, 73, 74, 77, 78, 81, 82, 85, 87, 89, 91], "summary": {"covered_lines": 32, "num_statements": 32, "percent_covered": 100.0, "percent_covered_display": "100.00", "missing_lines": 0, "excluded_lines": 18, "percent_statements_covered": 100.0, "percent_statements_covered_display": "100.00"}, "missing_lines": [], "excluded_lines": [61, 62, 63, 65, 66, 67, 69, 70, 71, 73, 74, 75, 77, 78, 79, 81, 82, 83], "functions": {"CacheStats.hit_rate": {"executed_lines": [33, 34], "summary": {"covered_lines": 2, "num_statements": 2, "percent_covered": 100.0, "percent_covered_display": "100.00", "missing_lines": 0, "excluded_lines": 0, "percent_statements_covered": 100.0, "percent_statements_covered_display": "100.00"}, "missing_lines": [], "excluded_lines": []}, "CacheStats.usage_percent": {"executed_lines": [38], "summary": {"covered_lines": 1, "num_statements": 1, "percent_covered": 100.0, "percent_covered_display": "100.00", "missing_lines": 0, "excluded_lines": 0, "percent_statements_covered": 100.0, "percent_statements_covered_display": "100.00"}, "missing_lines": [], "excluded_lines": []}, "CacheStats.to_dict": {"executed_lines": [41], "summary": {"covered_lines": 1, "num_statements": 1, "percent_covered": 100.0, "percent_covered_display": "100.00", "missing_lines": 0, "excluded_lines": 0, "percent_statements_covered": 100.0, "percent_statements_covered_display": "100.00"}, "missing_lines": [], "excluded_lines": []}, "CacheBackend.__init__": {"executed_lines": [58, 59], "summary": {"covered_lines": 2, "num_statements": 2, "percent_covered": 100.0, "percent_covered_display": "100.00", "missing_lines": 0, "excluded_lines": 0, "percent_statements_covered": 100.0, "percent_statements_covered_display": "100.00"}, "missing_lines": [], "excluded_lines": []}, "CacheBackend.get": {"executed_lines": [], "summary": {"covered_lines": 0, "num_statements": 0, "percent_covered": 100.0, "percent_covered_display": "1
[...]
13, "percent_statements_covered_display": "90.32"}, "missing_lines": [124, 128, 159], "excluded_lines": [192]}, "": {"executed_lines": [1, 25, 27, 28, 29, 30, 32, 34, 41, 42, 43, 45, 46, 47, 48, 49, 56, 57, 64, 69, 106, 110, 126, 130, 164, 180, 181, 185, 188, 191, 199], "summary": {"covered_lines": 27, "num_statements": 27, "percent_covered": 100.0, "percent_covered_display": "100.00", "missing_lines": 0, "excluded_lines": 1, "percent_statements_covered": 100.0, "percent_statements_covered_display": "100.00"}, "missing_lines": [], "excluded_lines": [191]}}}, "src\\types.py": {"executed_lines": [2, 16, 18, 21, 22], "summary": {"covered_lines": 3, "num_statements": 3, "percent_covered": 100.0, "percent_covered_display": "100.00", "missing_lines": 0, "excluded_lines": 0, "percent_statements_covered": 100.0, "percent_statements_covered_display": "100.00"}, "missing_lines": [], "excluded_lines": [], "functions": {"": {"executed_lines": [2, 16, 18, 21, 22], "summary": {"covered_lines": 3, "num_statements": 3, "percent_covered": 100.0, "percent_covered_display": "100.00", "missing_lines": 0, "excluded_lines": 0, "percent_statements_covered": 100.0, "percent_statements_covered_display": "100.00"}, "missing_lines": [], "excluded_lines": []}}, "classes": {"LocalChatApp": {"executed_lines": [], "summary": {"covered_lines": 0, "num_statements": 0, "percent_covered": 100.0, "percent_covered_display": "100.00", "missing_lines": 0, "excluded_lines": 0, "percent_statements_covered": 100.0, "percent_statements_covered_display": "100.00"}, "missing_lines": [], "excluded_lines": []}, "": {"executed_lines": [2, 16, 18, 21, 22], "summary": {"covered_lines": 3, "num_statements": 3, "percent_covered": 100.0, "percent_covered_display": "100.00", "missing_lines": 0, "excluded_lines": 0, "percent_statements_covered": 100.0, "percent_statements_covered_display": "100.00"}, "missing_lines": [], "excluded_lines": []}}}, "src\\utils\\__init__.py": {"executed_lines": [0], "summary": {"covered_lines": 0, "num_statements": 0, "percent_covered": 100.0, "percent_covered_display": "100.00", "missing_lines": 0, "excluded_lines": 0, "percent_statements_covered": 100.0, "percent_statements_covered_display": "100.00"}, "missing_lines": [], "excluded_lines": [], "functions": {"": {"executed_lines": [], "summary": {"covered_lines": 0, "num_statements": 0, "percent_covered": 100.0, "percent_covered_display": "100.00", "missing_lines": 0, "excluded_lines": 0, "percent_statements_covered": 100.0, "percent_statements_covered_display": "100.00"}, "missing_lines": [], "excluded_lines": []}}, "classes": {"": {"executed_lines": [], "summary": {"covered_lines": 0, "num_statements": 0, "percent_covered": 100.0, "percent_covered_display": "100.00", "missing_lines": 0, "excluded_lines": 0, "percent_statements_covered": 100.0, "percent_statements_covered_display": "100.00"}, "missing_lines": [], "excluded_lines": []}}}, "src\\utils\\file_validation.py": {"executed_lines": [1, 11, 13, 14, 16, 18, 22, 32, 44, 47, 62, 64, 65, 67, 68, 70, 71, 73, 74, 75, 80, 81, 82, 83, 84, 85, 88, 89, 90, 91, 92, 93, 96, 97, 98, 99, 100, 101, 105, 108, 111, 113, 114, 115], "summary": {"covered_lines": 43, "num_statements": 47, "percent_covered": 91.48936170212765, "percent_covered_display": "91.49", "missing_lines": 4, "excluded_lines": 0, "percent_statements_covered": 91.48936170212765, "percent_statements_covered_display": "91.49"}, "missing_lines": [76, 77, 116, 117], "excluded_lines": [], "functions": {"validate_file_content": {"executed_lines": [62, 64, 65, 67, 68, 70, 71, 73, 74, 75, 80, 81, 82, 83, 84, 85, 88, 89, 90, 91, 92, 93, 96, 97, 98, 99, 100, 101, 105, 108], "summary": {"covered_lines": 30, "num_statements": 32, "percent_covered": 93.75, "percent_covered_display": "93.75", "missing_lines": 2, "excluded_lines": 0, "percent_statements_covered": 93.75, "percent_statements_covered_display": "93.75"}, "missing_lines": [76, 77], "excluded_lines": []}, "_docx_contains_word_dir": {"executed_lines": [113, 114, 115], "summary": {"covered_lines": 3, "num_statements": 5, "percent_covered": 60.0, "percent_covered_display": "60.00", "missing_lines": 2, "excluded_lines": 0, "percent_statements_covered": 60.0, "percent_statements_covered_display": "60.00"}, "missing_lines": [116, 117], "excluded_lines": []}, "": {"executed_lines": [1, 11, 13, 14, 16, 18, 22, 32, 44, 47, 111], "summary": {"covered_lines": 10, "num_statements": 10, "percent_covered": 100.0, "percent_covered_display": "100.00", "missing_lines": 0, "excluded_lines": 0, "percent_statements_covered": 100.0, "percent_statements_covered_display": "100.00"}, "missing_lines": [], "excluded_lines": []}}, "classes": {"": {"executed_lines": [1, 11, 13, 14, 16, 18, 22, 32, 44, 47, 62, 64, 65, 67, 68, 70, 71, 73, 74, 75, 80, 81, 82, 83, 84, 85, 88, 89, 90, 91, 92, 93, 96, 97, 98, 99, 100, 101, 105, 108, 111, 113, 114, 115], "summary": {"covered_lines": 43, "num_statements": 47, "percent_covered": 91.48936170212765, "percent_covered_display": "91.49", "missing_lines": 4, "excluded_lines": 0, "percent_statements_covered": 91.48936170212765, "percent_statements_covered_display": "91.49"}, "missing_lines": [76, 77, 116, 117], "excluded_lines": []}}}, "src\\utils\\logging_config.py": {"executed_lines": [1, 14, 15, 16, 17, 18, 19, 20, 21, 22, 25, 26, 35, 36, 37, 38, 39, 42, 43, 55, 62, 63, 72, 73, 74, 75, 76, 77, 78, 79, 81, 82, 83, 84, 87, 88, 96, 97, 98, 99, 100, 101, 103, 104, 105, 108, 109, 112, 121, 124, 125, 126, 129, 132, 135, 164, 165, 167, 168, 169, 171, 172, 175, 181, 182, 183, 185, 190, 191, 194, 195, 196, 197, 198, 200, 203, 204, 206, 207, 208, 211, 225, 228, 243, 245, 247, 248, 249, 250, 251, 252, 253, 254, 255, 257], "summary": {"covered_lines": 90, "num_statements": 90, "percent_covered": 100.0, "percent_covered_display": "100.00", "missing_lines": 0, "excluded_lines": 0, "percent_statements_covered": 100.0, "percent_statements_covered_display": "100.00"}, "missing_lines": [], "excluded_lines": [], "functions": {"SafeStreamHandler.handleError": {"executed_lines": [36, 37, 38, 39], "summary": {"covered_lines": 4, "num_statements": 4, "percent_covered": 100.0, "percent_covered_display": "100.00", "missing_lines": 0, "excluded_lines": 0, "percent_statements_covered": 100.0, "percent_statements_covered_display": "100.00"}, "missing_lines": [], "excluded_lines": []}, "JsonFormatter.format": {"executed_lines": [63, 72, 73, 74, 75, 76, 77, 78, 79, 81, 82, 83, 84], "summary": {"covered_lines": 13, "num_statements": 13, "percent_covered": 100.0, "percent_covered_display": "100.00", "missing_lines": 0, "excluded_lines": 0, "percent_statements_covered": 100.0, "percent_statements_covered_display": "100.00"}, "missing_lines": [], "excluded_lines": []}, "RequestIdFilter.filter": {"executed_lines": [97, 98, 99, 100, 101, 103, 104, 105], "summary": {"covered_lines": 8, "num_statements": 8, "percent_covered": 100.0, "percent_covered_display": "100.00", "missing_lines": 0, "excluded_lines": 0, "percent_statements_covered": 100.0, "percent_statements_covered_display": "100.00"}, "missing_lines": [], "excluded_lines": []}, "ColoredFormatter.format": {"executed_lines": [124, 125, 126, 129, 132], "summary": {"covered_lines": 5, "num_statements": 5, "percent_covered": 100.0, "percent_covered_display": "100.00", "missing_lines": 0, "excluded_lines": 0, "percent_statements_covered": 100.0, "percent_statements_covered_display": "100.00"}, "missing_lines": [], "excluded_lines": []}, "setup_logging": {"executed_lines": [164, 165, 167, 168, 169, 171, 172, 175, 181, 182, 183, 185, 190, 191, 194, 195, 196, 197, 198, 200, 203, 204, 206, 207, 208], "summary": {"covered_lines": 25, "num_statements": 25, "percent_covered": 100.0, "percent_covered_display": "100.00", "missing_lines": 0, "excluded_lines": 0, "percent_statements_covered": 100.0, "percent_statements_covered_display": "100.00"}, "missing_lines": [], "excluded_lines": []}, "get_logger": {"executed_lines": [225], "summary": {"covered_lines": 1, "num_statements": 1, "percent_covered": 100.0, "percent_covered_display": "100.00", "missing_lines": 0, "excluded_lines": 0, "percent_statements_covered": 100.0, "percent_statements_covered_display": "100.00"}, "missing_lines": [], "excluded_lines": []}, "log_function_call": {"executed_lines": [243, 245, 247, 257], "summary": {"covered_lines": 4, "num_statements": 4, "percent_covered": 100.0, "percent_covered_display": "100.00", "missing_lines": 0, "excluded_lines": 0, "percent_statements_covered": 100.0, "percent_statements_covered_display": "100.00"}, "missing_lines": [], "excluded_lines": []}, "log_function_call.wrapper": {"executed_lines": [248, 249, 250, 251, 252, 253, 254, 255], "summary": {"covered_lines": 8, "num_statements": 8, "percent_covered": 100.0, "percent_covered_display": "100.00", "missing_lines": 0, "excluded_lines": 0, "percent_statements_covered": 100.0, "percent_statements_covered_display": "100.00"}, "missing_lines": [], "excluded_lines": []}, "": {"executed_lines": [1, 14, 15, 16, 17, 18, 19, 20, 21, 22, 25, 26, 35, 42, 43, 55, 62, 87, 88, 96, 108, 109, 112, 121, 135, 211, 228], "summary": {"covered_lines": 22, "num_statements": 22, "percent_covered": 100.0, "percent_covered_display": "100.00", "missing_lines": 0, "excluded_lines": 0, "percent_statements_covered": 100.0, "percent_statements_covered_display": "100.00"}, "missing_lines": [], "excluded_lines": []}}, "classes": {"SafeStreamHandler": {"executed_lines": [36, 37, 38, 39], "summary": {"covered_lines": 4, "num_statements": 4, "percent_covered": 100.0, "percent_covered_display": "100.00", "missing_lines": 0, "excluded_lines": 0, "percent_statements_covered": 100.0, "percent_statements_covered_display": "100.00"}, "missing_lines": [], "excluded_lines": []}, "JsonFormatter": {"executed_lines": [63, 72, 73, 74, 75, 76, 77, 78, 79, 81, 82, 83, 84], "summary": {"covered_lines": 13, "num_statements": 13, "percent_covered": 100.0, "percent_covered_display": "100.00", "missing_lines": 0, "excluded_lines": 0, "percent_statements_covered": 100.0, "percent_statements_covered_display": "100.00"}, "missing_lines": [], "excluded_lines": []}, "RequestIdFilter": {"executed_lines": [97, 98, 99, 100, 101, 103, 104, 105], "summary": {"covered_lines": 8, "num_statements": 8, "percent_covered": 100.0, "percent_covered_display": "100.00", "missing_lines": 0, "excluded_lines": 0, "percent_statements_covered": 100.0, "percent_statements_covered_display": "100.00"}, "missing_lines": [], "excluded_lines": []}, "ColoredFormatter": {"executed_lines": [124, 125, 126, 129, 132], "summary": {"covered_lines": 5, "num_statements": 5, "percent_covered": 100.0, "percent_covered_display": "100.00", "missing_lines": 0, "excluded_lines": 0, "percent_statements_covered": 100.0, "percent_statements_covered_display": "100.00"}, "missing_lines": [], "excluded_lines": []}, "": {"executed_lines": [1, 14, 15, 16, 17, 18, 19, 20, 21, 22, 25, 26, 35, 42, 43, 55, 62, 87, 88, 96, 108, 109, 112, 121, 135, 164, 165, 167, 168, 169, 171, 172, 175, 181, 182, 183, 185, 190, 191, 194, 195, 196, 197, 198, 200, 203, 204, 206, 207, 208, 211, 225, 228, 243, 245, 247, 248, 249, 250, 251, 252, 253, 254, 255, 257], "summary": {"covered_lines": 60, "num_statements": 60, "percent_covered": 100.0, "percent_covered_display": "100.00", "missing_lines": 0, "excluded_lines": 0, "percent_statements_covered": 100.0, "percent_statements_covered_display": "100.00"}, "missing_lines": [], "excluded_lines": []}}}, "src\\utils\\request_id.py": {"executed_lines": [1, 24, 25, 26, 28, 30, 31, 34, 36, 37, 39, 42, 54, 55, 56, 57, 59, 60, 61, 62, 65, 77], "summary": {"covered_lines": 21, "num_statements": 22, "percent_covered": 95.45454545454545, "percent_covered_display": "95.45", "missing_lines": 1, "excluded_lines": 0, "percent_statements_covered": 95.45454545454545, "percent_statements_covered_display": "95.45"}, "missing_lines": [38], "excluded_lines": [], "functions": {"_get_or_generate": {"executed_lines": [36, 37, 39], "summary": {"covered_lines": 3, "num_statements": 4, "percent_covered": 75.0, "percent_covered_display": "75.00", "missing_lines": 1, "excluded_lines": 0, "percent_statements_covered": 75.0, "percent_statements_covered_display": "75.00"}, "missing_lines": [38], "excluded_lines": []}, "init_request_id": {"executed_lines": [54, 55, 59, 60], "summary": {"covered_lines": 4, "num_statements": 4, "percent_covered": 100.0, "percent_covered_display": "100.00", "missing_lines": 0, "excluded_lines": 0, "percent_statements_covered": 100.0, "percent_statements_covered_display": "100.00"}, "missing_lines": [], "excluded_lines": []}, "init_request_id._assign_request_id": {"executed_lines": [56, 57], "summary": {"covered_lines": 2, "num_statements": 2, "percent_covered": 100.0, "percent_covered_display": "100.00", "missing_lines": 0, "excluded_lines": 0, "percent_statements_covered": 100.0, "percent_statements_covered_display": "100.00"}, "missing_lines": [], "excluded_lines": []}, "init_request_id._echo_request_id": {"executed_lines": [61, 62, 65, 77], "summary": {"covered_lines": 4, "num_statements": 4, "percent_covered": 100.0, "percent_covered_display": "100.00", "missing_lines": 0, "excluded_lines": 0, "percent_statements_covered": 100.0, "percent_statements_covered_display": "100.00"}, "missing_lines": [], "excluded_lines": []}, "": {"executed_lines": [1, 24, 25, 26, 28, 30, 31, 34, 42], "summary": {"covered_lines": 8, "num_statements": 8, "percent_covered": 100.0, "percent_covered_display": "100.00", "missing_lines": 0, "excluded_lines": 0, "percent_statements_covered": 100.0, "percent_statements_covered_display": "100.00"}, "missing_lines": [], "excluded_lines": []}}, "classes": {"": {"executed_lines": [1, 24, 25, 26, 28, 30, 31, 34, 36, 37, 39, 42, 54, 55, 56, 57, 59, 60, 61, 62, 65, 77], "summary": {"covered_lines": 21, "num_statements": 22, "percent_covered": 95.45454545454545, "percent_covered_display": "95.45", "missing_lines": 1, "excluded_lines": 0, "percent_statements_covered": 95.45454545454545, "percent_statements_covered_display": "95.45"}, "missing_lines": [38], "excluded_lines": []}}}, "src\\utils\\sanitization.py": {"executed_lines": [1, 25, 26, 27, 28, 30, 32, 35, 56, 59, 60, 61, 65, 68, 71, 74, 75, 76, 77, 80, 81, 83, 84, 87, 105, 108, 111, 114, 115, 116, 118, 121, 142, 145, 148, 150, 153, 176, 177, 180, 183, 186, 189, 193, 196, 215, 217, 218, 221, 222, 227, 244, 245, 247, 248, 250, 253, 270, 274, 275, 277, 280, 281, 282, 288, 290, 293, 311, 312, 313, 314, 315, 317, 320, 340, 341, 343, 346, 362, 365], "summary": {"covered_lines": 79, "num_statements": 86, "percent_covered": 91.86046511627907, "percent_covered_display": "91.86", "missing_lines": 7, "excluded_lines": 0, "percent_statements_covered": 91.86046511627907, "percent_statements_covered_display": "91.86"}, "missing_lines": [190, 191, 223, 224, 271, 272, 283], "excluded_lines": [], "functions": {"sanitize_filename": {"executed_lines": [56, 59, 60, 61, 65, 68, 71, 74, 75, 76, 77, 80, 81, 83, 84], "summary": {"covered_lines": 15, "num_statements": 15, "percent_covered": 100.0, "percent_covered_display": "100.00", "missing_lines": 0, "excluded_lines": 0, "percent_statements_covered": 100.0, "percent_statements_covered_display": "100.00"}, "missing_lines": [], "excluded_lines": []}, "sanitize_query": {"executed_lines": [105, 108, 111, 114, 115, 116, 118], "summary": {"covered_lines": 7, "num_statements": 7, "percent_covered": 100.0, "percent_covered_display": "100.00", "missing_lines": 0, "excluded_lines": 0, "percent_statements_covered": 100.0, "percent_statements_covered_display": "100.00"}, "missing_lines": [], "excluded_lines": []}, "sanitize_model_name": {"executed_lines": [142, 145, 148, 150], "summary": {"covered_lines": 4, "num_statements": 4, "percent_covered": 100.0, "percent_covered_display": "100.00", "missing_lines": 0, "excluded_lines": 0, "percent_statements_covered": 100.0, "percent_statements_covered_display": "100.00"}, "missing_lines": [], "excluded_lines": []}, "sanitize_text": {"executed_lines": [176, 177, 180, 183, 186, 189, 193], "summary": {"covered_lines": 7, "num_statements": 9, "percent_covered": 77.77777777777777, "percent_covered_display": "77.78", "missing_lines": 2, "excluded_lines": 0, "percent_statements_covered": 77.77777777777777, "percent_statements_covered_display": "77.78"}, "missing_lines": [190, 191], "excluded_lines": []}, "validate_path": {"executed_lines": [215, 217, 218, 221, 222], "summary": {"covered_lines": 5, "num_statements": 7, "percent_covered": 71.42857142857143, "percent_covered_display": "71.43", "missing_lines": 2, "excluded_lines": 0, "percent_statements_covered": 71.42857142857143, "percent_statements_covered_display": "71.43"}, "missing_lines": [223, 224], "excluded_lines": []}, "sanitize_file_extension": {"executed_lines": [244, 245, 247, 248, 250], "summary": {"covered_lines": 5, "num_statements": 5, "percent_covered": 100.0, "percent_covered_display": "100.00", "missing_lines": 0, "excluded_lines": 0, "percent_statements_covered": 100.0, "percent_statements_covered_display": "100.00"}, "missing_lines": [], "excluded_lines": []}, "sanitize_json_keys": {"executed_lines": [270, 274, 275, 277, 280, 281, 282, 288, 290], "summary": {"covered_lines": 9, "num_statements": 12, "percent_covered": 75.0, "percent_covered_display": "75.00", "missing_lines": 3, "excluded_lines": 0, "percent_statements_covered": 75.0, "percent_statements_covered_display": "75.00"}, "missing_lines": [271, 272, 283], "excluded_lines": []}, "escape_sql_like": {"executed_lines": [311, 312, 313, 314, 315, 317], "summary": {"covered_lines": 6, "num_statements": 6, "percent_covered": 100.0, "percent_covered_display": "100.00", "missing_lines": 0, "excluded_lines": 0, "percent_statements_covered": 100.0, "percent_statements_covered_display": "100.00"}, "missing_lines": [], "excluded_lines": []}, "truncate_text": {"executed_lines": [340, 341, 343], "summary": {"covered_lines": 3, "num_statements": 3, "percent_covered": 100.0, "percent_covered_display": "100.00", "missing_lines": 0, "excluded_lines": 0, "percent_statements_covered": 100.0, "percent_statements_covered_display": "100.00"}, "missing_lines": [], "excluded_lines": []}, "remove_null_bytes": {"executed_lines": [362], "summary": {"covered_lines": 1, "num_statements": 1, "percent_covered": 100.0, "percent_covered_display": "100.00", "missing_lines": 0, "excluded_lines": 0, "percent_statements_covered": 100.0, "percent_statements_covered_display": "100.00"}, "missing_lines": [], "excluded_lines": []}, "": {"executed_lines": [1, 25, 26, 27, 28, 30, 32, 35, 87, 121, 153, 196, 227, 253, 293, 320, 346, 365], "summary": {"covered_lines": 17, "num_statements": 17, "percent_covered": 100.0, "percent_covered_display": "100.00", "missing_lines": 0, "excluded_lines": 0, "percent_statements_covered": 100.0, "percent_statements_covered_display": "100.00"}, "missing_lines": [], "excluded_lines": []}}, "classes": {"": {"executed_lines": [1, 25, 26, 27, 28, 30, 32, 35, 56, 59, 60, 61, 65, 68, 71, 74, 75, 76, 77, 80, 81, 83, 84, 87, 105, 108, 111, 114, 115, 116, 118, 121, 142, 145, 148, 150, 153, 176, 177, 180, 183, 186, 189, 193, 196, 215, 217, 218, 221, 222, 227, 244, 245, 247, 248, 250, 253, 270, 274, 275, 277, 280, 281, 282, 288, 290, 293, 311, 312, 313, 314, 315, 317, 320, 340, 341, 343, 346, 362, 365], "summary": {"covered_lines": 79, "num_statements": 86, "percent_covered": 91.86046511627907, "percent_covered_display": "91.86", "missing_lines": 7, "excluded_lines": 0, "percent_statements_covered": 91.86046511627907, "percent_statements_covered_display": "91.86"}, "missing_lines": [190, 191, 223, 224, 271, 272, 283], "excluded_lines": []}}}}, "totals": {"covered_lines": 4137, "num_statements": 6818, "percent_covered": 60.677618069815196, "percent_covered_display": "60.68", "missing_lines": 2681, "excluded_lines": 79, "percent_statements_covered": 60.677618069815196, "percent_statements_covered_display": "60.68"}}